=============================== 本次训练信息 ==============================
实验模型名称: Baseline3_0
数据集KoNViD
模型名称Baseline3_0
==========================================================================
Brand new model

--------------------------- EPOCH:1/4000 ---------------------------
Python 3.5.6 |Anaconda, Inc.| (default, Aug 26 2018, 21:41:56) 
[GCC 7.3.0] on linux
tensor([189., 237., 197., 189., 237., 237., 237., 237., 237., 237., 237., 237.,
        237., 189., 197., 237.], device='cuda:0')
torch.Size([16])
=============================== 本次训练信息 ==============================
实验模型名称: Baseline3_0
数据集KoNViD
模型名称Baseline3_0
==========================================================================
Brand new model

--------------------------- EPOCH:1/4000 ---------------------------
Python 3.5.6 |Anaconda, Inc.| (default, Aug 26 2018, 21:41:56) 
[GCC 7.3.0] on linux
torch.Size([237, 1])
tensor(237., device='cuda:0')
=============================== 本次训练信息 ==============================
实验模型名称: Baseline3_0
数据集KoNViD
模型名称Baseline3_0
==========================================================================
Brand new model

--------------------------- EPOCH:1/4000 ---------------------------
Python 3.5.6 |Anaconda, Inc.| (default, Aug 26 2018, 21:41:56) 
[GCC 7.3.0] on linux
tensor([[0.4537, 0.5281],
        [0.4476, 0.1754],
        [0.4734, 0.4679],
        [0.3451, 0.4314],
        [0.7660, 0.4811],
        [0.6489, 0.4739],
        [0.3359, 0.5771],
        [0.5963, 0.5117],
        [0.6666, 0.3978],
        [0.6944, 0.6835],
        [0.8142, 0.5412],
        [0.6721, 0.7036],
        [0.6871, 0.3119],
        [0.5882, 0.5001],
        [0.3062, 0.2692],
        [0.8413, 0.6546]], device='cuda:0', grad_fn=<SigmoidBackward>)
torch.Size([1, 1, 189])
torch.Size([16, 2])
tensor([[0.4537, 0.5281],
        [0.4476, 0.1754],
        [0.4734, 0.4679],
        [0.3451, 0.4314],
        [0.7660, 0.4811],
        [0.6489, 0.4739],
        [0.3359, 0.5771],
        [0.5963, 0.5117],
        [0.6666, 0.3978],
        [0.6944, 0.6835],
        [0.8142, 0.5412],
        [0.6721, 0.7036],
        [0.6871, 0.3119],
        [0.5882, 0.5001],
        [0.3062, 0.2692],
        [0.8413, 0.6546]], device='cuda:0', grad_fn=<SigmoidBackward>)
