=============================== 本次训练信息 ==============================
实验模型名称: Baseline2_0
数据集KoNViD
模型名称Baseline2_0
==========================================================================
The model has been trained in Epoch:3, GlobalIteration:176
Model Path:/home/winston/workSpace/PycharmProjects/VQA/Ours/Models/VQA_Baseline2_0/model/model_3_44.mdl

--------------------------- EPOCH:4/4000 ---------------------------
Iter: 0, Loss: 0.125788
--------------------------- EPOCH:5/4000 ---------------------------
Iter: 0, Loss: 0.109792
=============================== 本次训练信息 ==============================
实验模型名称: Baseline2_0
数据集KoNViD
模型名称Baseline2_0
==========================================================================
Brand new model

--------------------------- EPOCH:1/4000 ---------------------------
Iter: 0, Loss: 0.973283
--------------------------- EPOCH:2/4000 ---------------------------
Iter: 0, Loss: 0.124702
--------------------------- EPOCH:3/4000 ---------------------------
Iter: 0, Loss: 0.080524
--------------------------- EPOCH:4/4000 ---------------------------
Iter: 0, Loss: 0.099727
--------------------------- EPOCH:5/4000 ---------------------------
Iter: 0, Loss: 0.120832
--------------------------- EPOCH:6/4000 ---------------------------
Iter: 0, Loss: 0.079808
--------------------------- EPOCH:7/4000 ---------------------------
Iter: 0, Loss: 0.128422
--------------------------- EPOCH:8/4000 ---------------------------
Iter: 0, Loss: 0.117546
--------------------------- EPOCH:9/4000 ---------------------------
Iter: 0, Loss: 0.105240
--------------------------- EPOCH:10/4000 ---------------------------
Iter: 0, Loss: 0.152851
--------------------------- EPOCH:11/4000 ---------------------------
Iter: 0, Loss: 0.125701
--------------------------- EPOCH:12/4000 ---------------------------
Iter: 0, Loss: 0.105659
--------------------------- EPOCH:13/4000 ---------------------------
Iter: 0, Loss: 0.122559
--------------------------- EPOCH:14/4000 ---------------------------
Iter: 0, Loss: 0.125256
--------------------------- EPOCH:15/4000 ---------------------------
Iter: 0, Loss: 0.076772
--------------------------- EPOCH:16/4000 ---------------------------
Iter: 0, Loss: 0.100900
--------------------------- EPOCH:17/4000 ---------------------------
Iter: 0, Loss: 0.115893
--------------------------- EPOCH:18/4000 ---------------------------
Iter: 0, Loss: 0.123517
--------------------------- EPOCH:19/4000 ---------------------------
Iter: 0, Loss: 0.099083
--------------------------- EPOCH:20/4000 ---------------------------
Iter: 0, Loss: 0.070785
--------------------------- EPOCH:21/4000 ---------------------------
Iter: 0, Loss: 0.113262
--------------------------- EPOCH:22/4000 ---------------------------
Iter: 0, Loss: 0.076614
--------------------------- EPOCH:23/4000 ---------------------------
Iter: 0, Loss: 0.093839
--------------------------- EPOCH:24/4000 ---------------------------
Iter: 0, Loss: 0.059531
--------------------------- EPOCH:25/4000 ---------------------------
Iter: 0, Loss: 0.107157
--------------------------- EPOCH:26/4000 ---------------------------
Iter: 0, Loss: 0.095524
--------------------------- EPOCH:27/4000 ---------------------------
Iter: 0, Loss: 0.115101
--------------------------- EPOCH:28/4000 ---------------------------
Iter: 0, Loss: 0.123679
--------------------------- EPOCH:29/4000 ---------------------------
Iter: 0, Loss: 0.106389
--------------------------- EPOCH:30/4000 ---------------------------
Iter: 0, Loss: 0.129507
--------------------------- EPOCH:31/4000 ---------------------------
Iter: 0, Loss: 0.102197
--------------------------- EPOCH:32/4000 ---------------------------
Iter: 0, Loss: 0.071240
--------------------------- EPOCH:33/4000 ---------------------------
Iter: 0, Loss: 0.101431
--------------------------- EPOCH:34/4000 ---------------------------
Iter: 0, Loss: 0.106065
--------------------------- EPOCH:35/4000 ---------------------------
Iter: 0, Loss: 0.131749
--------------------------- EPOCH:36/4000 ---------------------------
Iter: 0, Loss: 0.086868
--------------------------- EPOCH:37/4000 ---------------------------
Iter: 0, Loss: 0.072926
--------------------------- EPOCH:38/4000 ---------------------------
Iter: 0, Loss: 0.072959
--------------------------- EPOCH:39/4000 ---------------------------
Iter: 0, Loss: 0.099650
--------------------------- EPOCH:40/4000 ---------------------------
Iter: 0, Loss: 0.066616
--------------------------- EPOCH:41/4000 ---------------------------
Iter: 0, Loss: 0.077214
--------------------------- EPOCH:42/4000 ---------------------------
Iter: 0, Loss: 0.119924
--------------------------- EPOCH:43/4000 ---------------------------
Iter: 0, Loss: 0.081485
--------------------------- EPOCH:44/4000 ---------------------------
Iter: 0, Loss: 0.109789
--------------------------- EPOCH:45/4000 ---------------------------
Iter: 0, Loss: 0.073792
--------------------------- EPOCH:46/4000 ---------------------------
Iter: 0, Loss: 0.060790
--------------------------- EPOCH:47/4000 ---------------------------
Iter: 0, Loss: 0.081014
--------------------------- EPOCH:48/4000 ---------------------------
Iter: 0, Loss: 0.119779
--------------------------- EPOCH:49/4000 ---------------------------
Iter: 0, Loss: 0.093625
--------------------------- EPOCH:50/4000 ---------------------------
Iter: 0, Loss: 0.081724
--------------------------- EPOCH:51/4000 ---------------------------
Iter: 0, Loss: 0.108270
--------------------------- EPOCH:52/4000 ---------------------------
Iter: 0, Loss: 0.081923
--------------------------- EPOCH:53/4000 ---------------------------
Iter: 0, Loss: 0.086699
--------------------------- EPOCH:54/4000 ---------------------------
Iter: 0, Loss: 0.092948
--------------------------- EPOCH:55/4000 ---------------------------
Iter: 0, Loss: 0.089711
--------------------------- EPOCH:56/4000 ---------------------------
Iter: 0, Loss: 0.108547
--------------------------- EPOCH:57/4000 ---------------------------
Iter: 0, Loss: 0.128887
--------------------------- EPOCH:58/4000 ---------------------------
Iter: 0, Loss: 0.067199
--------------------------- EPOCH:59/4000 ---------------------------
Iter: 0, Loss: 0.099003
--------------------------- EPOCH:60/4000 ---------------------------
Iter: 0, Loss: 0.105718
--------------------------- EPOCH:61/4000 ---------------------------
Iter: 0, Loss: 0.109145
--------------------------- EPOCH:62/4000 ---------------------------
Iter: 0, Loss: 0.065667
--------------------------- EPOCH:63/4000 ---------------------------
Iter: 0, Loss: 0.097107
--------------------------- EPOCH:64/4000 ---------------------------
Iter: 0, Loss: 0.067469
--------------------------- EPOCH:65/4000 ---------------------------
Iter: 0, Loss: 0.081295
--------------------------- EPOCH:66/4000 ---------------------------
Iter: 0, Loss: 0.077397
--------------------------- EPOCH:67/4000 ---------------------------
Iter: 0, Loss: 0.109041
--------------------------- EPOCH:68/4000 ---------------------------
Iter: 0, Loss: 0.063891
--------------------------- EPOCH:69/4000 ---------------------------
Iter: 0, Loss: 0.149574
--------------------------- EPOCH:70/4000 ---------------------------
Iter: 0, Loss: 0.082625
--------------------------- EPOCH:71/4000 ---------------------------
Iter: 0, Loss: 0.104325
--------------------------- EPOCH:72/4000 ---------------------------
Iter: 0, Loss: 0.087341
--------------------------- EPOCH:73/4000 ---------------------------
Iter: 0, Loss: 0.093464
--------------------------- EPOCH:74/4000 ---------------------------
Iter: 0, Loss: 0.085011
--------------------------- EPOCH:75/4000 ---------------------------
Iter: 0, Loss: 0.097967
--------------------------- EPOCH:76/4000 ---------------------------
Iter: 0, Loss: 0.106614
--------------------------- EPOCH:77/4000 ---------------------------
Iter: 0, Loss: 0.074193
--------------------------- EPOCH:78/4000 ---------------------------
Iter: 0, Loss: 0.056289
--------------------------- EPOCH:79/4000 ---------------------------
Iter: 0, Loss: 0.096838
--------------------------- EPOCH:80/4000 ---------------------------
Iter: 0, Loss: 0.098248
--------------------------- EPOCH:81/4000 ---------------------------
Iter: 0, Loss: 0.065081
--------------------------- EPOCH:82/4000 ---------------------------
Iter: 0, Loss: 0.090086
--------------------------- EPOCH:83/4000 ---------------------------
Iter: 0, Loss: 0.115050
--------------------------- EPOCH:84/4000 ---------------------------
Iter: 0, Loss: 0.078404
--------------------------- EPOCH:85/4000 ---------------------------
Iter: 0, Loss: 0.072553
--------------------------- EPOCH:86/4000 ---------------------------
Iter: 0, Loss: 0.077026
--------------------------- EPOCH:87/4000 ---------------------------
Iter: 0, Loss: 0.083422
--------------------------- EPOCH:88/4000 ---------------------------
Iter: 0, Loss: 0.094298
--------------------------- EPOCH:89/4000 ---------------------------
Iter: 0, Loss: 0.065548
--------------------------- EPOCH:90/4000 ---------------------------
Iter: 0, Loss: 0.117644
--------------------------- EPOCH:91/4000 ---------------------------
Iter: 0, Loss: 0.124040
--------------------------- EPOCH:92/4000 ---------------------------
Iter: 0, Loss: 0.078334
--------------------------- EPOCH:93/4000 ---------------------------
Iter: 0, Loss: 0.121652
--------------------------- EPOCH:94/4000 ---------------------------
Iter: 0, Loss: 0.071062
--------------------------- EPOCH:95/4000 ---------------------------
Iter: 0, Loss: 0.102055
--------------------------- EPOCH:96/4000 ---------------------------
Iter: 0, Loss: 0.062558
--------------------------- EPOCH:97/4000 ---------------------------
Iter: 0, Loss: 0.075210
--------------------------- EPOCH:98/4000 ---------------------------
Iter: 0, Loss: 0.079835
--------------------------- EPOCH:99/4000 ---------------------------
Iter: 0, Loss: 0.125869
--------------------------- EPOCH:100/4000 ---------------------------
Iter: 0, Loss: 0.095714
--------------------------- EPOCH:101/4000 ---------------------------
Iter: 0, Loss: 0.084402
--------------------------- EPOCH:102/4000 ---------------------------
Iter: 0, Loss: 0.072085
--------------------------- EPOCH:103/4000 ---------------------------
Iter: 0, Loss: 0.089127
--------------------------- EPOCH:104/4000 ---------------------------
Iter: 0, Loss: 0.084665
--------------------------- EPOCH:105/4000 ---------------------------
Iter: 0, Loss: 0.107487
--------------------------- EPOCH:106/4000 ---------------------------
Iter: 0, Loss: 0.087421
--------------------------- EPOCH:107/4000 ---------------------------
Iter: 0, Loss: 0.100785
--------------------------- EPOCH:108/4000 ---------------------------
Iter: 0, Loss: 0.064446
--------------------------- EPOCH:109/4000 ---------------------------
Iter: 0, Loss: 0.079318
--------------------------- EPOCH:110/4000 ---------------------------
Iter: 0, Loss: 0.091019
--------------------------- EPOCH:111/4000 ---------------------------
Iter: 0, Loss: 0.058230
--------------------------- EPOCH:112/4000 ---------------------------
Iter: 0, Loss: 0.114665
--------------------------- EPOCH:113/4000 ---------------------------
Iter: 0, Loss: 0.077858
--------------------------- EPOCH:114/4000 ---------------------------
Iter: 0, Loss: 0.066063
--------------------------- EPOCH:115/4000 ---------------------------
Iter: 0, Loss: 0.071780
--------------------------- EPOCH:116/4000 ---------------------------
Iter: 0, Loss: 0.094090
--------------------------- EPOCH:117/4000 ---------------------------
Iter: 0, Loss: 0.077187
--------------------------- EPOCH:118/4000 ---------------------------
Iter: 0, Loss: 0.102705
--------------------------- EPOCH:119/4000 ---------------------------
Iter: 0, Loss: 0.096541
--------------------------- EPOCH:120/4000 ---------------------------
Iter: 0, Loss: 0.093639
--------------------------- EPOCH:121/4000 ---------------------------
Iter: 0, Loss: 0.134946
--------------------------- EPOCH:122/4000 ---------------------------
Iter: 0, Loss: 0.081601
--------------------------- EPOCH:123/4000 ---------------------------
Iter: 0, Loss: 0.079888
--------------------------- EPOCH:124/4000 ---------------------------
Iter: 0, Loss: 0.102770
--------------------------- EPOCH:125/4000 ---------------------------
Iter: 0, Loss: 0.102898
--------------------------- EPOCH:126/4000 ---------------------------
Iter: 0, Loss: 0.075146
--------------------------- EPOCH:127/4000 ---------------------------
Iter: 0, Loss: 0.100533
--------------------------- EPOCH:128/4000 ---------------------------
Iter: 0, Loss: 0.074458
--------------------------- EPOCH:129/4000 ---------------------------
Iter: 0, Loss: 0.088571
--------------------------- EPOCH:130/4000 ---------------------------
Iter: 0, Loss: 0.075620
--------------------------- EPOCH:131/4000 ---------------------------
Iter: 0, Loss: 0.094193
--------------------------- EPOCH:132/4000 ---------------------------
Iter: 0, Loss: 0.081643
--------------------------- EPOCH:133/4000 ---------------------------
Iter: 0, Loss: 0.106194
--------------------------- EPOCH:134/4000 ---------------------------
Iter: 0, Loss: 0.078850
--------------------------- EPOCH:135/4000 ---------------------------
Iter: 0, Loss: 0.079283
--------------------------- EPOCH:136/4000 ---------------------------
Iter: 0, Loss: 0.101260
--------------------------- EPOCH:137/4000 ---------------------------
Iter: 0, Loss: 0.097152
--------------------------- EPOCH:138/4000 ---------------------------
Iter: 0, Loss: 0.102409
--------------------------- EPOCH:139/4000 ---------------------------
Iter: 0, Loss: 0.095596
--------------------------- EPOCH:140/4000 ---------------------------
Iter: 0, Loss: 0.105630
--------------------------- EPOCH:141/4000 ---------------------------
Iter: 0, Loss: 0.087354
--------------------------- EPOCH:142/4000 ---------------------------
Iter: 0, Loss: 0.057986
--------------------------- EPOCH:143/4000 ---------------------------
Iter: 0, Loss: 0.107981
--------------------------- EPOCH:144/4000 ---------------------------
Iter: 0, Loss: 0.081476
--------------------------- EPOCH:145/4000 ---------------------------
Iter: 0, Loss: 0.060686
--------------------------- EPOCH:146/4000 ---------------------------
Iter: 0, Loss: 0.062872
--------------------------- EPOCH:147/4000 ---------------------------
Iter: 0, Loss: 0.082043
--------------------------- EPOCH:148/4000 ---------------------------
Iter: 0, Loss: 0.096041
--------------------------- EPOCH:149/4000 ---------------------------
Iter: 0, Loss: 0.089366
--------------------------- EPOCH:150/4000 ---------------------------
Iter: 0, Loss: 0.090301
--------------------------- EPOCH:151/4000 ---------------------------
Iter: 0, Loss: 0.064682
--------------------------- EPOCH:152/4000 ---------------------------
Iter: 0, Loss: 0.118511
--------------------------- EPOCH:153/4000 ---------------------------
Iter: 0, Loss: 0.057813
--------------------------- EPOCH:154/4000 ---------------------------
Iter: 0, Loss: 0.104030
--------------------------- EPOCH:155/4000 ---------------------------
Iter: 0, Loss: 0.063308
--------------------------- EPOCH:156/4000 ---------------------------
Iter: 0, Loss: 0.077739
--------------------------- EPOCH:157/4000 ---------------------------
Iter: 0, Loss: 0.080909
--------------------------- EPOCH:158/4000 ---------------------------
Iter: 0, Loss: 0.076238
--------------------------- EPOCH:159/4000 ---------------------------
Iter: 0, Loss: 0.069412
--------------------------- EPOCH:160/4000 ---------------------------
Iter: 0, Loss: 0.104119
--------------------------- EPOCH:161/4000 ---------------------------
Iter: 0, Loss: 0.071203
--------------------------- EPOCH:162/4000 ---------------------------
Iter: 0, Loss: 0.096251
--------------------------- EPOCH:163/4000 ---------------------------
Iter: 0, Loss: 0.101092
--------------------------- EPOCH:164/4000 ---------------------------
Iter: 0, Loss: 0.102446
--------------------------- EPOCH:165/4000 ---------------------------
Iter: 0, Loss: 0.130416
--------------------------- EPOCH:166/4000 ---------------------------
Iter: 0, Loss: 0.110639
--------------------------- EPOCH:167/4000 ---------------------------
Iter: 0, Loss: 0.089549
--------------------------- EPOCH:168/4000 ---------------------------
Iter: 0, Loss: 0.069807
--------------------------- EPOCH:169/4000 ---------------------------
Iter: 0, Loss: 0.072122
--------------------------- EPOCH:170/4000 ---------------------------
Iter: 0, Loss: 0.053463
--------------------------- EPOCH:171/4000 ---------------------------
Iter: 0, Loss: 0.076496
--------------------------- EPOCH:172/4000 ---------------------------
Iter: 0, Loss: 0.081883
--------------------------- EPOCH:173/4000 ---------------------------
Iter: 0, Loss: 0.063927
--------------------------- EPOCH:174/4000 ---------------------------
Iter: 0, Loss: 0.110375
--------------------------- EPOCH:175/4000 ---------------------------
Iter: 0, Loss: 0.110812
--------------------------- EPOCH:176/4000 ---------------------------
Iter: 0, Loss: 0.081657
--------------------------- EPOCH:177/4000 ---------------------------
Iter: 0, Loss: 0.073289
--------------------------- EPOCH:178/4000 ---------------------------
Iter: 0, Loss: 0.073047
--------------------------- EPOCH:179/4000 ---------------------------
Iter: 0, Loss: 0.064373
--------------------------- EPOCH:180/4000 ---------------------------
Iter: 0, Loss: 0.070531
--------------------------- EPOCH:181/4000 ---------------------------
Iter: 0, Loss: 0.083373
--------------------------- EPOCH:182/4000 ---------------------------
Iter: 0, Loss: 0.083473
--------------------------- EPOCH:183/4000 ---------------------------
Iter: 0, Loss: 0.061211
--------------------------- EPOCH:184/4000 ---------------------------
Iter: 0, Loss: 0.077629
--------------------------- EPOCH:185/4000 ---------------------------
Iter: 0, Loss: 0.072803
--------------------------- EPOCH:186/4000 ---------------------------
Iter: 0, Loss: 0.071510
--------------------------- EPOCH:187/4000 ---------------------------
Iter: 0, Loss: 0.082994
--------------------------- EPOCH:188/4000 ---------------------------
Iter: 0, Loss: 0.076915
--------------------------- EPOCH:189/4000 ---------------------------
Iter: 0, Loss: 0.074117
--------------------------- EPOCH:190/4000 ---------------------------
Iter: 0, Loss: 0.074344
--------------------------- EPOCH:191/4000 ---------------------------
Iter: 0, Loss: 0.090000
--------------------------- EPOCH:192/4000 ---------------------------
Iter: 0, Loss: 0.063008
--------------------------- EPOCH:193/4000 ---------------------------
Iter: 0, Loss: 0.106754
--------------------------- EPOCH:194/4000 ---------------------------
Iter: 0, Loss: 0.089417
--------------------------- EPOCH:195/4000 ---------------------------
Iter: 0, Loss: 0.065216
--------------------------- EPOCH:196/4000 ---------------------------
Iter: 0, Loss: 0.093303
--------------------------- EPOCH:197/4000 ---------------------------
Iter: 0, Loss: 0.062614
--------------------------- EPOCH:198/4000 ---------------------------
Iter: 0, Loss: 0.057566
--------------------------- EPOCH:199/4000 ---------------------------
Iter: 0, Loss: 0.089763
--------------------------- EPOCH:200/4000 ---------------------------
Iter: 0, Loss: 0.095228
--------------------------- EPOCH:201/4000 ---------------------------
Iter: 0, Loss: 0.110163
--------------------------- EPOCH:202/4000 ---------------------------
Iter: 0, Loss: 0.061082
--------------------------- EPOCH:203/4000 ---------------------------
Iter: 0, Loss: 0.080431
--------------------------- EPOCH:204/4000 ---------------------------
Iter: 0, Loss: 0.056129
--------------------------- EPOCH:205/4000 ---------------------------
Iter: 0, Loss: 0.099246
--------------------------- EPOCH:206/4000 ---------------------------
Iter: 0, Loss: 0.071965
--------------------------- EPOCH:207/4000 ---------------------------
Iter: 0, Loss: 0.093953
--------------------------- EPOCH:208/4000 ---------------------------
Iter: 0, Loss: 0.077713
--------------------------- EPOCH:209/4000 ---------------------------
Iter: 0, Loss: 0.085202
--------------------------- EPOCH:210/4000 ---------------------------
Iter: 0, Loss: 0.073132
--------------------------- EPOCH:211/4000 ---------------------------
Iter: 0, Loss: 0.045746
--------------------------- EPOCH:212/4000 ---------------------------
Iter: 0, Loss: 0.061258
--------------------------- EPOCH:213/4000 ---------------------------
Iter: 0, Loss: 0.098343
--------------------------- EPOCH:214/4000 ---------------------------
Iter: 0, Loss: 0.070954
--------------------------- EPOCH:215/4000 ---------------------------
Iter: 0, Loss: 0.078441
--------------------------- EPOCH:216/4000 ---------------------------
Iter: 0, Loss: 0.070306
--------------------------- EPOCH:217/4000 ---------------------------
Iter: 0, Loss: 0.071836
--------------------------- EPOCH:218/4000 ---------------------------
Iter: 0, Loss: 0.057975
--------------------------- EPOCH:219/4000 ---------------------------
Iter: 0, Loss: 0.068189
--------------------------- EPOCH:220/4000 ---------------------------
Iter: 0, Loss: 0.065731
--------------------------- EPOCH:221/4000 ---------------------------
Iter: 0, Loss: 0.115814
--------------------------- EPOCH:222/4000 ---------------------------
Iter: 0, Loss: 0.073374
--------------------------- EPOCH:223/4000 ---------------------------
Iter: 0, Loss: 0.081915
--------------------------- EPOCH:224/4000 ---------------------------
Iter: 0, Loss: 0.058284
--------------------------- EPOCH:225/4000 ---------------------------
Iter: 0, Loss: 0.101108
--------------------------- EPOCH:226/4000 ---------------------------
Iter: 0, Loss: 0.069192
--------------------------- EPOCH:227/4000 ---------------------------
Iter: 0, Loss: 0.045359
--------------------------- EPOCH:228/4000 ---------------------------
Iter: 0, Loss: 0.070074
--------------------------- EPOCH:229/4000 ---------------------------
Iter: 0, Loss: 0.074592
--------------------------- EPOCH:230/4000 ---------------------------
Iter: 0, Loss: 0.079078
--------------------------- EPOCH:231/4000 ---------------------------
Iter: 0, Loss: 0.070537
--------------------------- EPOCH:232/4000 ---------------------------
Iter: 0, Loss: 0.102155
--------------------------- EPOCH:233/4000 ---------------------------
Iter: 0, Loss: 0.083657
--------------------------- EPOCH:234/4000 ---------------------------
Iter: 0, Loss: 0.056906
--------------------------- EPOCH:235/4000 ---------------------------
Iter: 0, Loss: 0.072202
--------------------------- EPOCH:236/4000 ---------------------------
Iter: 0, Loss: 0.084215
--------------------------- EPOCH:237/4000 ---------------------------
Iter: 0, Loss: 0.069518
--------------------------- EPOCH:238/4000 ---------------------------
Iter: 0, Loss: 0.060480
--------------------------- EPOCH:239/4000 ---------------------------
Iter: 0, Loss: 0.117099
--------------------------- EPOCH:240/4000 ---------------------------
Iter: 0, Loss: 0.079448
--------------------------- EPOCH:241/4000 ---------------------------
Iter: 0, Loss: 0.087219
--------------------------- EPOCH:242/4000 ---------------------------
Iter: 0, Loss: 0.077735
--------------------------- EPOCH:243/4000 ---------------------------
Iter: 0, Loss: 0.058161
--------------------------- EPOCH:244/4000 ---------------------------
Iter: 0, Loss: 0.062737
--------------------------- EPOCH:245/4000 ---------------------------
Iter: 0, Loss: 0.078706
--------------------------- EPOCH:246/4000 ---------------------------
Iter: 0, Loss: 0.096240
--------------------------- EPOCH:247/4000 ---------------------------
Iter: 0, Loss: 0.044964
--------------------------- EPOCH:248/4000 ---------------------------
Iter: 0, Loss: 0.060087
--------------------------- EPOCH:249/4000 ---------------------------
Iter: 0, Loss: 0.096801
--------------------------- EPOCH:250/4000 ---------------------------
Iter: 0, Loss: 0.086993
--------------------------- EPOCH:251/4000 ---------------------------
Iter: 0, Loss: 0.067852
--------------------------- EPOCH:252/4000 ---------------------------
Iter: 0, Loss: 0.088810
--------------------------- EPOCH:253/4000 ---------------------------
Iter: 0, Loss: 0.091389
--------------------------- EPOCH:254/4000 ---------------------------
Iter: 0, Loss: 0.108546
--------------------------- EPOCH:255/4000 ---------------------------
Iter: 0, Loss: 0.062560
--------------------------- EPOCH:256/4000 ---------------------------
Iter: 0, Loss: 0.110417
--------------------------- EPOCH:257/4000 ---------------------------
Iter: 0, Loss: 0.045090
--------------------------- EPOCH:258/4000 ---------------------------
Iter: 0, Loss: 0.082684
--------------------------- EPOCH:259/4000 ---------------------------
Iter: 0, Loss: 0.057154
--------------------------- EPOCH:260/4000 ---------------------------
Iter: 0, Loss: 0.076881
--------------------------- EPOCH:261/4000 ---------------------------
Iter: 0, Loss: 0.110828
--------------------------- EPOCH:262/4000 ---------------------------
Iter: 0, Loss: 0.076139
--------------------------- EPOCH:263/4000 ---------------------------
Iter: 0, Loss: 0.098492
--------------------------- EPOCH:264/4000 ---------------------------
Iter: 0, Loss: 0.079397
--------------------------- EPOCH:265/4000 ---------------------------
Iter: 0, Loss: 0.033173
--------------------------- EPOCH:266/4000 ---------------------------
Iter: 0, Loss: 0.077724
--------------------------- EPOCH:267/4000 ---------------------------
Iter: 0, Loss: 0.077138
--------------------------- EPOCH:268/4000 ---------------------------
Iter: 0, Loss: 0.069752
--------------------------- EPOCH:269/4000 ---------------------------
Iter: 0, Loss: 0.089675
--------------------------- EPOCH:270/4000 ---------------------------
Iter: 0, Loss: 0.066238
--------------------------- EPOCH:271/4000 ---------------------------
Iter: 0, Loss: 0.093539
--------------------------- EPOCH:272/4000 ---------------------------
Iter: 0, Loss: 0.081541
--------------------------- EPOCH:273/4000 ---------------------------
Iter: 0, Loss: 0.082347
--------------------------- EPOCH:274/4000 ---------------------------
Iter: 0, Loss: 0.071948
--------------------------- EPOCH:275/4000 ---------------------------
Iter: 0, Loss: 0.078096
--------------------------- EPOCH:276/4000 ---------------------------
Iter: 0, Loss: 0.099038
--------------------------- EPOCH:277/4000 ---------------------------
Iter: 0, Loss: 0.091911
--------------------------- EPOCH:278/4000 ---------------------------
Iter: 0, Loss: 0.057267
--------------------------- EPOCH:279/4000 ---------------------------
Iter: 0, Loss: 0.066832
--------------------------- EPOCH:280/4000 ---------------------------
Iter: 0, Loss: 0.059966
--------------------------- EPOCH:281/4000 ---------------------------
Iter: 0, Loss: 0.081311
--------------------------- EPOCH:282/4000 ---------------------------
Iter: 0, Loss: 0.091196
--------------------------- EPOCH:283/4000 ---------------------------
Iter: 0, Loss: 0.082199
--------------------------- EPOCH:284/4000 ---------------------------
Iter: 0, Loss: 0.075621
--------------------------- EPOCH:285/4000 ---------------------------
Iter: 0, Loss: 0.077217
--------------------------- EPOCH:286/4000 ---------------------------
Iter: 0, Loss: 0.059559
--------------------------- EPOCH:287/4000 ---------------------------
Iter: 0, Loss: 0.050733
--------------------------- EPOCH:288/4000 ---------------------------
Iter: 0, Loss: 0.068621
--------------------------- EPOCH:289/4000 ---------------------------
Iter: 0, Loss: 0.096344
--------------------------- EPOCH:290/4000 ---------------------------
Iter: 0, Loss: 0.069620
--------------------------- EPOCH:291/4000 ---------------------------
Iter: 0, Loss: 0.073676
--------------------------- EPOCH:292/4000 ---------------------------
Iter: 0, Loss: 0.043944
--------------------------- EPOCH:293/4000 ---------------------------
Iter: 0, Loss: 0.063556
--------------------------- EPOCH:294/4000 ---------------------------
Iter: 0, Loss: 0.058506
--------------------------- EPOCH:295/4000 ---------------------------
Iter: 0, Loss: 0.072595
--------------------------- EPOCH:296/4000 ---------------------------
Iter: 0, Loss: 0.082080
--------------------------- EPOCH:297/4000 ---------------------------
Iter: 0, Loss: 0.081898
--------------------------- EPOCH:298/4000 ---------------------------
Iter: 0, Loss: 0.054174
--------------------------- EPOCH:299/4000 ---------------------------
Iter: 0, Loss: 0.075895
--------------------------- EPOCH:300/4000 ---------------------------
Iter: 0, Loss: 0.062932
--------------------------- EPOCH:301/4000 ---------------------------
Iter: 0, Loss: 0.074458
--------------------------- EPOCH:302/4000 ---------------------------
Iter: 0, Loss: 0.089402
--------------------------- EPOCH:303/4000 ---------------------------
Iter: 0, Loss: 0.071318
--------------------------- EPOCH:304/4000 ---------------------------
Iter: 0, Loss: 0.095564
--------------------------- EPOCH:305/4000 ---------------------------
Iter: 0, Loss: 0.109405
--------------------------- EPOCH:306/4000 ---------------------------
Iter: 0, Loss: 0.083226
--------------------------- EPOCH:307/4000 ---------------------------
Iter: 0, Loss: 0.076245
--------------------------- EPOCH:308/4000 ---------------------------
Iter: 0, Loss: 0.041415
--------------------------- EPOCH:309/4000 ---------------------------
Iter: 0, Loss: 0.093982
--------------------------- EPOCH:310/4000 ---------------------------
Iter: 0, Loss: 0.046490
--------------------------- EPOCH:311/4000 ---------------------------
Iter: 0, Loss: 0.059316
--------------------------- EPOCH:312/4000 ---------------------------
Iter: 0, Loss: 0.085780
--------------------------- EPOCH:313/4000 ---------------------------
Iter: 0, Loss: 0.060982
--------------------------- EPOCH:314/4000 ---------------------------
Iter: 0, Loss: 0.055104
--------------------------- EPOCH:315/4000 ---------------------------
Iter: 0, Loss: 0.059902
--------------------------- EPOCH:316/4000 ---------------------------
Iter: 0, Loss: 0.094024
--------------------------- EPOCH:317/4000 ---------------------------
Iter: 0, Loss: 0.082103
--------------------------- EPOCH:318/4000 ---------------------------
Iter: 0, Loss: 0.050044
--------------------------- EPOCH:319/4000 ---------------------------
Iter: 0, Loss: 0.068881
--------------------------- EPOCH:320/4000 ---------------------------
Iter: 0, Loss: 0.040576
--------------------------- EPOCH:321/4000 ---------------------------
Iter: 0, Loss: 0.103432
--------------------------- EPOCH:322/4000 ---------------------------
Iter: 0, Loss: 0.038119
--------------------------- EPOCH:323/4000 ---------------------------
Iter: 0, Loss: 0.077150
--------------------------- EPOCH:324/4000 ---------------------------
Iter: 0, Loss: 0.056153
--------------------------- EPOCH:325/4000 ---------------------------
Iter: 0, Loss: 0.085546
--------------------------- EPOCH:326/4000 ---------------------------
Iter: 0, Loss: 0.052806
--------------------------- EPOCH:327/4000 ---------------------------
Iter: 0, Loss: 0.059567
--------------------------- EPOCH:328/4000 ---------------------------
Iter: 0, Loss: 0.048137
--------------------------- EPOCH:329/4000 ---------------------------
Iter: 0, Loss: 0.087667
--------------------------- EPOCH:330/4000 ---------------------------
Iter: 0, Loss: 0.054873
--------------------------- EPOCH:331/4000 ---------------------------
Iter: 0, Loss: 0.071765
--------------------------- EPOCH:332/4000 ---------------------------
Iter: 0, Loss: 0.062471
--------------------------- EPOCH:333/4000 ---------------------------
Iter: 0, Loss: 0.058121
--------------------------- EPOCH:334/4000 ---------------------------
Iter: 0, Loss: 0.077302
--------------------------- EPOCH:335/4000 ---------------------------
Iter: 0, Loss: 0.110612
--------------------------- EPOCH:336/4000 ---------------------------
Iter: 0, Loss: 0.090658
--------------------------- EPOCH:337/4000 ---------------------------
Iter: 0, Loss: 0.070172
--------------------------- EPOCH:338/4000 ---------------------------
Iter: 0, Loss: 0.098840
--------------------------- EPOCH:339/4000 ---------------------------
Iter: 0, Loss: 0.090666
--------------------------- EPOCH:340/4000 ---------------------------
Iter: 0, Loss: 0.089154
--------------------------- EPOCH:341/4000 ---------------------------
Iter: 0, Loss: 0.070240
--------------------------- EPOCH:342/4000 ---------------------------
Iter: 0, Loss: 0.073511
--------------------------- EPOCH:343/4000 ---------------------------
Iter: 0, Loss: 0.078146
--------------------------- EPOCH:344/4000 ---------------------------
Iter: 0, Loss: 0.077164
--------------------------- EPOCH:345/4000 ---------------------------
Iter: 0, Loss: 0.067673
--------------------------- EPOCH:346/4000 ---------------------------
Iter: 0, Loss: 0.072705
--------------------------- EPOCH:347/4000 ---------------------------
Iter: 0, Loss: 0.080332
--------------------------- EPOCH:348/4000 ---------------------------
Iter: 0, Loss: 0.106206
--------------------------- EPOCH:349/4000 ---------------------------
Iter: 0, Loss: 0.056568
--------------------------- EPOCH:350/4000 ---------------------------
Iter: 0, Loss: 0.082070
--------------------------- EPOCH:351/4000 ---------------------------
Iter: 0, Loss: 0.065751
--------------------------- EPOCH:352/4000 ---------------------------
Iter: 0, Loss: 0.049566
--------------------------- EPOCH:353/4000 ---------------------------
Iter: 0, Loss: 0.054895
--------------------------- EPOCH:354/4000 ---------------------------
Iter: 0, Loss: 0.063810
--------------------------- EPOCH:355/4000 ---------------------------
Iter: 0, Loss: 0.075279
--------------------------- EPOCH:356/4000 ---------------------------
Iter: 0, Loss: 0.102585
--------------------------- EPOCH:357/4000 ---------------------------
Iter: 0, Loss: 0.054249
--------------------------- EPOCH:358/4000 ---------------------------
Iter: 0, Loss: 0.070609
--------------------------- EPOCH:359/4000 ---------------------------
Iter: 0, Loss: 0.032158
--------------------------- EPOCH:360/4000 ---------------------------
Iter: 0, Loss: 0.083150
--------------------------- EPOCH:361/4000 ---------------------------
Iter: 0, Loss: 0.063961
--------------------------- EPOCH:362/4000 ---------------------------
Iter: 0, Loss: 0.056219
--------------------------- EPOCH:363/4000 ---------------------------
Iter: 0, Loss: 0.065036
--------------------------- EPOCH:364/4000 ---------------------------
Iter: 0, Loss: 0.070618
--------------------------- EPOCH:365/4000 ---------------------------
Iter: 0, Loss: 0.060996
--------------------------- EPOCH:366/4000 ---------------------------
Iter: 0, Loss: 0.083940
--------------------------- EPOCH:367/4000 ---------------------------
Iter: 0, Loss: 0.059090
--------------------------- EPOCH:368/4000 ---------------------------
Iter: 0, Loss: 0.083747
--------------------------- EPOCH:369/4000 ---------------------------
Iter: 0, Loss: 0.044059
--------------------------- EPOCH:370/4000 ---------------------------
Iter: 0, Loss: 0.046374
--------------------------- EPOCH:371/4000 ---------------------------
Iter: 0, Loss: 0.055239
--------------------------- EPOCH:372/4000 ---------------------------
Iter: 0, Loss: 0.058830
--------------------------- EPOCH:373/4000 ---------------------------
Iter: 0, Loss: 0.066891
--------------------------- EPOCH:374/4000 ---------------------------
Iter: 0, Loss: 0.059174
--------------------------- EPOCH:375/4000 ---------------------------
Iter: 0, Loss: 0.062154
--------------------------- EPOCH:376/4000 ---------------------------
Iter: 0, Loss: 0.085802
--------------------------- EPOCH:377/4000 ---------------------------
Iter: 0, Loss: 0.047449
--------------------------- EPOCH:378/4000 ---------------------------
Iter: 0, Loss: 0.050453
--------------------------- EPOCH:379/4000 ---------------------------
Iter: 0, Loss: 0.075340
--------------------------- EPOCH:380/4000 ---------------------------
Iter: 0, Loss: 0.042609
--------------------------- EPOCH:381/4000 ---------------------------
Iter: 0, Loss: 0.084225
--------------------------- EPOCH:382/4000 ---------------------------
Iter: 0, Loss: 0.053891
--------------------------- EPOCH:383/4000 ---------------------------
Iter: 0, Loss: 0.067197
--------------------------- EPOCH:384/4000 ---------------------------
Iter: 0, Loss: 0.088417
--------------------------- EPOCH:385/4000 ---------------------------
Iter: 0, Loss: 0.063058
--------------------------- EPOCH:386/4000 ---------------------------
Iter: 0, Loss: 0.053897
--------------------------- EPOCH:387/4000 ---------------------------
Iter: 0, Loss: 0.060958
--------------------------- EPOCH:388/4000 ---------------------------
Iter: 0, Loss: 0.075332
--------------------------- EPOCH:389/4000 ---------------------------
Iter: 0, Loss: 0.057705
--------------------------- EPOCH:390/4000 ---------------------------
Iter: 0, Loss: 0.066190
--------------------------- EPOCH:391/4000 ---------------------------
Iter: 0, Loss: 0.090057
--------------------------- EPOCH:392/4000 ---------------------------
Iter: 0, Loss: 0.079822
--------------------------- EPOCH:393/4000 ---------------------------
Iter: 0, Loss: 0.084340
--------------------------- EPOCH:394/4000 ---------------------------
Iter: 0, Loss: 0.052022
--------------------------- EPOCH:395/4000 ---------------------------
Iter: 0, Loss: 0.048966
--------------------------- EPOCH:396/4000 ---------------------------
Iter: 0, Loss: 0.062635
--------------------------- EPOCH:397/4000 ---------------------------
Iter: 0, Loss: 0.056399
--------------------------- EPOCH:398/4000 ---------------------------
Iter: 0, Loss: 0.087552
--------------------------- EPOCH:399/4000 ---------------------------
Iter: 0, Loss: 0.088991
--------------------------- EPOCH:400/4000 ---------------------------
Iter: 0, Loss: 0.081982
--------------------------- EPOCH:401/4000 ---------------------------
Iter: 0, Loss: 0.042575
--------------------------- EPOCH:402/4000 ---------------------------
Iter: 0, Loss: 0.071886
--------------------------- EPOCH:403/4000 ---------------------------
Iter: 0, Loss: 0.052417
--------------------------- EPOCH:404/4000 ---------------------------
Iter: 0, Loss: 0.044061
--------------------------- EPOCH:405/4000 ---------------------------
Iter: 0, Loss: 0.058741
--------------------------- EPOCH:406/4000 ---------------------------
Iter: 0, Loss: 0.075000
--------------------------- EPOCH:407/4000 ---------------------------
Iter: 0, Loss: 0.083382
--------------------------- EPOCH:408/4000 ---------------------------
Iter: 0, Loss: 0.083165
--------------------------- EPOCH:409/4000 ---------------------------
Iter: 0, Loss: 0.083158
--------------------------- EPOCH:410/4000 ---------------------------
Iter: 0, Loss: 0.066712
--------------------------- EPOCH:411/4000 ---------------------------
Iter: 0, Loss: 0.054721
--------------------------- EPOCH:412/4000 ---------------------------
Iter: 0, Loss: 0.071476
--------------------------- EPOCH:413/4000 ---------------------------
Iter: 0, Loss: 0.078004
--------------------------- EPOCH:414/4000 ---------------------------
Iter: 0, Loss: 0.087832
--------------------------- EPOCH:415/4000 ---------------------------
Iter: 0, Loss: 0.073555
--------------------------- EPOCH:416/4000 ---------------------------
Iter: 0, Loss: 0.080870
--------------------------- EPOCH:417/4000 ---------------------------
Iter: 0, Loss: 0.073403
--------------------------- EPOCH:418/4000 ---------------------------
Iter: 0, Loss: 0.077157
--------------------------- EPOCH:419/4000 ---------------------------
Iter: 0, Loss: 0.081075
--------------------------- EPOCH:420/4000 ---------------------------
Iter: 0, Loss: 0.051378
--------------------------- EPOCH:421/4000 ---------------------------
Iter: 0, Loss: 0.053199
--------------------------- EPOCH:422/4000 ---------------------------
Iter: 0, Loss: 0.066286
--------------------------- EPOCH:423/4000 ---------------------------
Iter: 0, Loss: 0.058585
--------------------------- EPOCH:424/4000 ---------------------------
Iter: 0, Loss: 0.064107
--------------------------- EPOCH:425/4000 ---------------------------
Iter: 0, Loss: 0.085329
--------------------------- EPOCH:426/4000 ---------------------------
Iter: 0, Loss: 0.079988
--------------------------- EPOCH:427/4000 ---------------------------
Iter: 0, Loss: 0.075445
--------------------------- EPOCH:428/4000 ---------------------------
Iter: 0, Loss: 0.060228
--------------------------- EPOCH:429/4000 ---------------------------
Iter: 0, Loss: 0.051269
--------------------------- EPOCH:430/4000 ---------------------------
Iter: 0, Loss: 0.075509
--------------------------- EPOCH:431/4000 ---------------------------
Iter: 0, Loss: 0.099909
--------------------------- EPOCH:432/4000 ---------------------------
Iter: 0, Loss: 0.066136
--------------------------- EPOCH:433/4000 ---------------------------
Iter: 0, Loss: 0.048852
--------------------------- EPOCH:434/4000 ---------------------------
Iter: 0, Loss: 0.081745
--------------------------- EPOCH:435/4000 ---------------------------
Iter: 0, Loss: 0.057053
--------------------------- EPOCH:436/4000 ---------------------------
Iter: 0, Loss: 0.055477
--------------------------- EPOCH:437/4000 ---------------------------
Iter: 0, Loss: 0.067568
--------------------------- EPOCH:438/4000 ---------------------------
Iter: 0, Loss: 0.047857
--------------------------- EPOCH:439/4000 ---------------------------
Iter: 0, Loss: 0.076223
--------------------------- EPOCH:440/4000 ---------------------------
Iter: 0, Loss: 0.060401
--------------------------- EPOCH:441/4000 ---------------------------
Iter: 0, Loss: 0.073630
--------------------------- EPOCH:442/4000 ---------------------------
Iter: 0, Loss: 0.073088
--------------------------- EPOCH:443/4000 ---------------------------
Iter: 0, Loss: 0.056037
--------------------------- EPOCH:444/4000 ---------------------------
Iter: 0, Loss: 0.059534
--------------------------- EPOCH:445/4000 ---------------------------
Iter: 0, Loss: 0.068961
--------------------------- EPOCH:446/4000 ---------------------------
Iter: 0, Loss: 0.113302
--------------------------- EPOCH:447/4000 ---------------------------
Iter: 0, Loss: 0.067091
--------------------------- EPOCH:448/4000 ---------------------------
Iter: 0, Loss: 0.076589
--------------------------- EPOCH:449/4000 ---------------------------
Iter: 0, Loss: 0.057439
--------------------------- EPOCH:450/4000 ---------------------------
Iter: 0, Loss: 0.059740
--------------------------- EPOCH:451/4000 ---------------------------
Iter: 0, Loss: 0.056051
--------------------------- EPOCH:452/4000 ---------------------------
Iter: 0, Loss: 0.060100
--------------------------- EPOCH:453/4000 ---------------------------
Iter: 0, Loss: 0.060673
--------------------------- EPOCH:454/4000 ---------------------------
Iter: 0, Loss: 0.057582
--------------------------- EPOCH:455/4000 ---------------------------
Iter: 0, Loss: 0.057578
--------------------------- EPOCH:456/4000 ---------------------------
Iter: 0, Loss: 0.058183
--------------------------- EPOCH:457/4000 ---------------------------
Iter: 0, Loss: 0.085411
--------------------------- EPOCH:458/4000 ---------------------------
Iter: 0, Loss: 0.052982
--------------------------- EPOCH:459/4000 ---------------------------
Iter: 0, Loss: 0.048399
--------------------------- EPOCH:460/4000 ---------------------------
Iter: 0, Loss: 0.054356
--------------------------- EPOCH:461/4000 ---------------------------
Iter: 0, Loss: 0.075778
--------------------------- EPOCH:462/4000 ---------------------------
Iter: 0, Loss: 0.053628
--------------------------- EPOCH:463/4000 ---------------------------
Iter: 0, Loss: 0.088132
--------------------------- EPOCH:464/4000 ---------------------------
Iter: 0, Loss: 0.074320
--------------------------- EPOCH:465/4000 ---------------------------
Iter: 0, Loss: 0.039954
--------------------------- EPOCH:466/4000 ---------------------------
Iter: 0, Loss: 0.070804
--------------------------- EPOCH:467/4000 ---------------------------
Iter: 0, Loss: 0.061905
--------------------------- EPOCH:468/4000 ---------------------------
Iter: 0, Loss: 0.089201
--------------------------- EPOCH:469/4000 ---------------------------
Iter: 0, Loss: 0.048080
--------------------------- EPOCH:470/4000 ---------------------------
Iter: 0, Loss: 0.055651
--------------------------- EPOCH:471/4000 ---------------------------
Iter: 0, Loss: 0.057673
--------------------------- EPOCH:472/4000 ---------------------------
Iter: 0, Loss: 0.064137
--------------------------- EPOCH:473/4000 ---------------------------
Iter: 0, Loss: 0.061511
--------------------------- EPOCH:474/4000 ---------------------------
Iter: 0, Loss: 0.058857
--------------------------- EPOCH:475/4000 ---------------------------
Iter: 0, Loss: 0.088812
--------------------------- EPOCH:476/4000 ---------------------------
Iter: 0, Loss: 0.042286
--------------------------- EPOCH:477/4000 ---------------------------
Iter: 0, Loss: 0.075865
--------------------------- EPOCH:478/4000 ---------------------------
Iter: 0, Loss: 0.069587
--------------------------- EPOCH:479/4000 ---------------------------
Iter: 0, Loss: 0.071057
--------------------------- EPOCH:480/4000 ---------------------------
Iter: 0, Loss: 0.067953
--------------------------- EPOCH:481/4000 ---------------------------
Iter: 0, Loss: 0.069229
--------------------------- EPOCH:482/4000 ---------------------------
Iter: 0, Loss: 0.061822
--------------------------- EPOCH:483/4000 ---------------------------
Iter: 0, Loss: 0.065310
--------------------------- EPOCH:484/4000 ---------------------------
Iter: 0, Loss: 0.061983
--------------------------- EPOCH:485/4000 ---------------------------
Iter: 0, Loss: 0.086311
--------------------------- EPOCH:486/4000 ---------------------------
Iter: 0, Loss: 0.079349
--------------------------- EPOCH:487/4000 ---------------------------
Iter: 0, Loss: 0.085700
--------------------------- EPOCH:488/4000 ---------------------------
Iter: 0, Loss: 0.048431
--------------------------- EPOCH:489/4000 ---------------------------
Iter: 0, Loss: 0.069320
--------------------------- EPOCH:490/4000 ---------------------------
Iter: 0, Loss: 0.065005
--------------------------- EPOCH:491/4000 ---------------------------
Iter: 0, Loss: 0.075517
--------------------------- EPOCH:492/4000 ---------------------------
Iter: 0, Loss: 0.052323
--------------------------- EPOCH:493/4000 ---------------------------
Iter: 0, Loss: 0.055536
--------------------------- EPOCH:494/4000 ---------------------------
Iter: 0, Loss: 0.057558
--------------------------- EPOCH:495/4000 ---------------------------
Iter: 0, Loss: 0.068308
--------------------------- EPOCH:496/4000 ---------------------------
Iter: 0, Loss: 0.096915
--------------------------- EPOCH:497/4000 ---------------------------
Iter: 0, Loss: 0.059458
--------------------------- EPOCH:498/4000 ---------------------------
Iter: 0, Loss: 0.066157
--------------------------- EPOCH:499/4000 ---------------------------
Iter: 0, Loss: 0.060785
--------------------------- EPOCH:500/4000 ---------------------------
Iter: 0, Loss: 0.063259
--------------------------- EPOCH:501/4000 ---------------------------
Iter: 0, Loss: 0.060707
--------------------------- EPOCH:502/4000 ---------------------------
Iter: 0, Loss: 0.057401
--------------------------- EPOCH:503/4000 ---------------------------
Iter: 0, Loss: 0.061566
--------------------------- EPOCH:504/4000 ---------------------------
Iter: 0, Loss: 0.064042
--------------------------- EPOCH:505/4000 ---------------------------
Iter: 0, Loss: 0.061066
--------------------------- EPOCH:506/4000 ---------------------------
Iter: 0, Loss: 0.076643
--------------------------- EPOCH:507/4000 ---------------------------
Iter: 0, Loss: 0.076369
--------------------------- EPOCH:508/4000 ---------------------------
Iter: 0, Loss: 0.058926
--------------------------- EPOCH:509/4000 ---------------------------
Iter: 0, Loss: 0.051573
--------------------------- EPOCH:510/4000 ---------------------------
Iter: 0, Loss: 0.069793
--------------------------- EPOCH:511/4000 ---------------------------
Iter: 0, Loss: 0.055658
--------------------------- EPOCH:512/4000 ---------------------------
Iter: 0, Loss: 0.074369
--------------------------- EPOCH:513/4000 ---------------------------
Iter: 0, Loss: 0.056828
--------------------------- EPOCH:514/4000 ---------------------------
Iter: 0, Loss: 0.056857
--------------------------- EPOCH:515/4000 ---------------------------
Iter: 0, Loss: 0.079759
