=============================== 本次训练信息 ==============================
实验模型名称: Baseline2_0
数据集KoNViD
模型名称Baseline2_0
==========================================================================
The model has been trained in Epoch:515, GlobalIteration:22704
Model Path:/home/winston/workSpace/PycharmProjects/VQA/Ours/Models/VQA_Baseline2_0/model/model_515_44.mdl

--------------------------- EPOCH:516/4000 ---------------------------
Iter: 0, Loss: 0.087073
--------------------------- EPOCH:517/4000 ---------------------------
Iter: 0, Loss: 0.095892
--------------------------- EPOCH:518/4000 ---------------------------
Iter: 0, Loss: 0.066931
--------------------------- EPOCH:519/4000 ---------------------------
Iter: 0, Loss: 0.070971
--------------------------- EPOCH:520/4000 ---------------------------
Iter: 0, Loss: 0.060748
--------------------------- EPOCH:521/4000 ---------------------------
Iter: 0, Loss: 0.070039
--------------------------- EPOCH:522/4000 ---------------------------
Iter: 0, Loss: 0.070650
--------------------------- EPOCH:523/4000 ---------------------------
Iter: 0, Loss: 0.075159
--------------------------- EPOCH:524/4000 ---------------------------
Iter: 0, Loss: 0.035966
--------------------------- EPOCH:525/4000 ---------------------------
Iter: 0, Loss: 0.056218
--------------------------- EPOCH:526/4000 ---------------------------
Iter: 0, Loss: 0.053479
--------------------------- EPOCH:527/4000 ---------------------------
Iter: 0, Loss: 0.067710
--------------------------- EPOCH:528/4000 ---------------------------
Iter: 0, Loss: 0.091403
--------------------------- EPOCH:529/4000 ---------------------------
Iter: 0, Loss: 0.048961
--------------------------- EPOCH:530/4000 ---------------------------
Iter: 0, Loss: 0.054331
--------------------------- EPOCH:531/4000 ---------------------------
Iter: 0, Loss: 0.062278
--------------------------- EPOCH:532/4000 ---------------------------
Iter: 0, Loss: 0.041627
--------------------------- EPOCH:533/4000 ---------------------------
Iter: 0, Loss: 0.085983
--------------------------- EPOCH:534/4000 ---------------------------
Iter: 0, Loss: 0.064865
--------------------------- EPOCH:535/4000 ---------------------------
Iter: 0, Loss: 0.065352
--------------------------- EPOCH:536/4000 ---------------------------
Iter: 0, Loss: 0.059658
--------------------------- EPOCH:537/4000 ---------------------------
Iter: 0, Loss: 0.067431
--------------------------- EPOCH:538/4000 ---------------------------
Iter: 0, Loss: 0.054530
--------------------------- EPOCH:539/4000 ---------------------------
Iter: 0, Loss: 0.066180
--------------------------- EPOCH:540/4000 ---------------------------
Iter: 0, Loss: 0.090460
--------------------------- EPOCH:541/4000 ---------------------------
Iter: 0, Loss: 0.069825
--------------------------- EPOCH:542/4000 ---------------------------
Iter: 0, Loss: 0.049274
--------------------------- EPOCH:543/4000 ---------------------------
Iter: 0, Loss: 0.075091
--------------------------- EPOCH:544/4000 ---------------------------
Iter: 0, Loss: 0.059249
--------------------------- EPOCH:545/4000 ---------------------------
Iter: 0, Loss: 0.039792
--------------------------- EPOCH:546/4000 ---------------------------
Iter: 0, Loss: 0.079967
--------------------------- EPOCH:547/4000 ---------------------------
Iter: 0, Loss: 0.055392
--------------------------- EPOCH:548/4000 ---------------------------
Iter: 0, Loss: 0.074475
--------------------------- EPOCH:549/4000 ---------------------------
Iter: 0, Loss: 0.079098
--------------------------- EPOCH:550/4000 ---------------------------
Iter: 0, Loss: 0.065305
--------------------------- EPOCH:551/4000 ---------------------------
Iter: 0, Loss: 0.071298
--------------------------- EPOCH:552/4000 ---------------------------
Iter: 0, Loss: 0.060227
--------------------------- EPOCH:553/4000 ---------------------------
Iter: 0, Loss: 0.048413
--------------------------- EPOCH:554/4000 ---------------------------
Iter: 0, Loss: 0.052517
--------------------------- EPOCH:555/4000 ---------------------------
Iter: 0, Loss: 0.057279
--------------------------- EPOCH:556/4000 ---------------------------
Iter: 0, Loss: 0.046446
--------------------------- EPOCH:557/4000 ---------------------------
Iter: 0, Loss: 0.070962
--------------------------- EPOCH:558/4000 ---------------------------
Iter: 0, Loss: 0.062413
--------------------------- EPOCH:559/4000 ---------------------------
Iter: 0, Loss: 0.048583
--------------------------- EPOCH:560/4000 ---------------------------
Iter: 0, Loss: 0.099665
--------------------------- EPOCH:561/4000 ---------------------------
Iter: 0, Loss: 0.063353
--------------------------- EPOCH:562/4000 ---------------------------
Iter: 0, Loss: 0.076147
--------------------------- EPOCH:563/4000 ---------------------------
Iter: 0, Loss: 0.071881
--------------------------- EPOCH:564/4000 ---------------------------
Iter: 0, Loss: 0.078899
--------------------------- EPOCH:565/4000 ---------------------------
Iter: 0, Loss: 0.075575
--------------------------- EPOCH:566/4000 ---------------------------
Iter: 0, Loss: 0.081039
--------------------------- EPOCH:567/4000 ---------------------------
Iter: 0, Loss: 0.054952
--------------------------- EPOCH:568/4000 ---------------------------
Iter: 0, Loss: 0.078083
--------------------------- EPOCH:569/4000 ---------------------------
Iter: 0, Loss: 0.065754
--------------------------- EPOCH:570/4000 ---------------------------
Iter: 0, Loss: 0.084157
--------------------------- EPOCH:571/4000 ---------------------------
Iter: 0, Loss: 0.055303
--------------------------- EPOCH:572/4000 ---------------------------
Iter: 0, Loss: 0.074103
实验Baseline2_0: 更新最佳参数，位于 Epoch 572
Val results: val loss=0.0802, SROCC=0.6987, KROCC=0.5020, PLCC=0.6894, RMSE=0.4713
Test results: test loss=0.0735, SROCC=0.7561, KROCC=0.5619, PLCC=0.7573, RMSE=0.4405
--------------------------- EPOCH:573/4000 ---------------------------
Iter: 0, Loss: 0.051409
--------------------------- EPOCH:574/4000 ---------------------------
Iter: 0, Loss: 0.041685
--------------------------- EPOCH:575/4000 ---------------------------
Iter: 0, Loss: 0.080223
实验Baseline2_0: 更新最佳参数，位于 Epoch 575
Val results: val loss=0.0816, SROCC=0.7020, KROCC=0.5029, PLCC=0.6920, RMSE=0.4783
Test results: test loss=0.0747, SROCC=0.7650, KROCC=0.5701, PLCC=0.7622, RMSE=0.4443
--------------------------- EPOCH:576/4000 ---------------------------
Iter: 0, Loss: 0.059489
--------------------------- EPOCH:577/4000 ---------------------------
Iter: 0, Loss: 0.053910
--------------------------- EPOCH:578/4000 ---------------------------
Iter: 0, Loss: 0.087440
--------------------------- EPOCH:579/4000 ---------------------------
Iter: 0, Loss: 0.056669
--------------------------- EPOCH:580/4000 ---------------------------
Iter: 0, Loss: 0.065740
--------------------------- EPOCH:581/4000 ---------------------------
Iter: 0, Loss: 0.064379
--------------------------- EPOCH:582/4000 ---------------------------
Iter: 0, Loss: 0.042749
--------------------------- EPOCH:583/4000 ---------------------------
Iter: 0, Loss: 0.072263
--------------------------- EPOCH:584/4000 ---------------------------
Iter: 0, Loss: 0.051124
--------------------------- EPOCH:585/4000 ---------------------------
Iter: 0, Loss: 0.058828
--------------------------- EPOCH:586/4000 ---------------------------
Iter: 0, Loss: 0.061877
--------------------------- EPOCH:587/4000 ---------------------------
Iter: 0, Loss: 0.077282
--------------------------- EPOCH:588/4000 ---------------------------
Iter: 0, Loss: 0.078774
--------------------------- EPOCH:589/4000 ---------------------------
Iter: 0, Loss: 0.101120
--------------------------- EPOCH:590/4000 ---------------------------
Iter: 0, Loss: 0.083762
--------------------------- EPOCH:591/4000 ---------------------------
Iter: 0, Loss: 0.113271
--------------------------- EPOCH:592/4000 ---------------------------
Iter: 0, Loss: 0.069542
--------------------------- EPOCH:593/4000 ---------------------------
Iter: 0, Loss: 0.073726
--------------------------- EPOCH:594/4000 ---------------------------
Iter: 0, Loss: 0.082566
--------------------------- EPOCH:595/4000 ---------------------------
Iter: 0, Loss: 0.057871
--------------------------- EPOCH:596/4000 ---------------------------
Iter: 0, Loss: 0.028722
实验Baseline2_0: 更新最佳参数，位于 Epoch 596
Val results: val loss=0.0775, SROCC=0.7005, KROCC=0.5010, PLCC=0.6936, RMSE=0.4534
Test results: test loss=0.0701, SROCC=0.7664, KROCC=0.5704, PLCC=0.7635, RMSE=0.4206
--------------------------- EPOCH:597/4000 ---------------------------
Iter: 0, Loss: 0.059408
--------------------------- EPOCH:598/4000 ---------------------------
Iter: 0, Loss: 0.066180
--------------------------- EPOCH:599/4000 ---------------------------
Iter: 0, Loss: 0.066207
实验Baseline2_0: 更新最佳参数，位于 Epoch 599
Val results: val loss=0.0785, SROCC=0.7008, KROCC=0.5016, PLCC=0.6933, RMSE=0.4537
Test results: test loss=0.0717, SROCC=0.7665, KROCC=0.5708, PLCC=0.7635, RMSE=0.4282
--------------------------- EPOCH:600/4000 ---------------------------
Iter: 0, Loss: 0.068294
--------------------------- EPOCH:601/4000 ---------------------------
Iter: 0, Loss: 0.042703
实验Baseline2_0: 更新最佳参数，位于 Epoch 601
Val results: val loss=0.0770, SROCC=0.7023, KROCC=0.5039, PLCC=0.6943, RMSE=0.4497
Test results: test loss=0.0696, SROCC=0.7674, KROCC=0.5708, PLCC=0.7650, RMSE=0.4177
--------------------------- EPOCH:602/4000 ---------------------------
Iter: 0, Loss: 0.052842
--------------------------- EPOCH:603/4000 ---------------------------
Iter: 0, Loss: 0.075400
--------------------------- EPOCH:604/4000 ---------------------------
Iter: 0, Loss: 0.045308
--------------------------- EPOCH:605/4000 ---------------------------
Iter: 0, Loss: 0.057627
--------------------------- EPOCH:606/4000 ---------------------------
Iter: 0, Loss: 0.059655
--------------------------- EPOCH:607/4000 ---------------------------
Iter: 0, Loss: 0.054900
--------------------------- EPOCH:608/4000 ---------------------------
Iter: 0, Loss: 0.058101
--------------------------- EPOCH:609/4000 ---------------------------
Iter: 0, Loss: 0.096445
--------------------------- EPOCH:610/4000 ---------------------------
Iter: 0, Loss: 0.062033
--------------------------- EPOCH:611/4000 ---------------------------
Iter: 0, Loss: 0.051814
--------------------------- EPOCH:612/4000 ---------------------------
Iter: 0, Loss: 0.072584
--------------------------- EPOCH:613/4000 ---------------------------
Iter: 0, Loss: 0.083796
--------------------------- EPOCH:614/4000 ---------------------------
Iter: 0, Loss: 0.053632
--------------------------- EPOCH:615/4000 ---------------------------
Iter: 0, Loss: 0.070707
--------------------------- EPOCH:616/4000 ---------------------------
Iter: 0, Loss: 0.073033
--------------------------- EPOCH:617/4000 ---------------------------
Iter: 0, Loss: 0.077681
实验Baseline2_0: 更新最佳参数，位于 Epoch 617
Val results: val loss=0.0768, SROCC=0.7018, KROCC=0.5036, PLCC=0.6942, RMSE=0.4469
Test results: test loss=0.0697, SROCC=0.7685, KROCC=0.5718, PLCC=0.7661, RMSE=0.4164
--------------------------- EPOCH:618/4000 ---------------------------
Iter: 0, Loss: 0.048984
--------------------------- EPOCH:619/4000 ---------------------------
Iter: 0, Loss: 0.037920
实验Baseline2_0: 更新最佳参数，位于 Epoch 619
Val results: val loss=0.0764, SROCC=0.7014, KROCC=0.5041, PLCC=0.6951, RMSE=0.4452
Test results: test loss=0.0687, SROCC=0.7726, KROCC=0.5760, PLCC=0.7688, RMSE=0.4121
--------------------------- EPOCH:620/4000 ---------------------------
Iter: 0, Loss: 0.056945
--------------------------- EPOCH:621/4000 ---------------------------
Iter: 0, Loss: 0.062301
--------------------------- EPOCH:622/4000 ---------------------------
Iter: 0, Loss: 0.060871
--------------------------- EPOCH:623/4000 ---------------------------
Iter: 0, Loss: 0.054077
--------------------------- EPOCH:624/4000 ---------------------------
Iter: 0, Loss: 0.054385
--------------------------- EPOCH:625/4000 ---------------------------
Iter: 0, Loss: 0.040378
--------------------------- EPOCH:626/4000 ---------------------------
Iter: 0, Loss: 0.081284
--------------------------- EPOCH:627/4000 ---------------------------
Iter: 0, Loss: 0.053628
--------------------------- EPOCH:628/4000 ---------------------------
Iter: 0, Loss: 0.056857
--------------------------- EPOCH:629/4000 ---------------------------
Iter: 0, Loss: 0.053307
--------------------------- EPOCH:630/4000 ---------------------------
Iter: 0, Loss: 0.060691
--------------------------- EPOCH:631/4000 ---------------------------
Iter: 0, Loss: 0.040855
--------------------------- EPOCH:632/4000 ---------------------------
Iter: 0, Loss: 0.056491
--------------------------- EPOCH:633/4000 ---------------------------
Iter: 0, Loss: 0.058503
--------------------------- EPOCH:634/4000 ---------------------------
Iter: 0, Loss: 0.090634
--------------------------- EPOCH:635/4000 ---------------------------
Iter: 0, Loss: 0.063161
--------------------------- EPOCH:636/4000 ---------------------------
Iter: 0, Loss: 0.062352
--------------------------- EPOCH:637/4000 ---------------------------
Iter: 0, Loss: 0.064114
--------------------------- EPOCH:638/4000 ---------------------------
Iter: 0, Loss: 0.080500
--------------------------- EPOCH:639/4000 ---------------------------
Iter: 0, Loss: 0.061411
--------------------------- EPOCH:640/4000 ---------------------------
Iter: 0, Loss: 0.071695
--------------------------- EPOCH:641/4000 ---------------------------
Iter: 0, Loss: 0.034218
--------------------------- EPOCH:642/4000 ---------------------------
Iter: 0, Loss: 0.057284
--------------------------- EPOCH:643/4000 ---------------------------
Iter: 0, Loss: 0.081468
--------------------------- EPOCH:644/4000 ---------------------------
Iter: 0, Loss: 0.057847
--------------------------- EPOCH:645/4000 ---------------------------
Iter: 0, Loss: 0.055448
--------------------------- EPOCH:646/4000 ---------------------------
Iter: 0, Loss: 0.078123
--------------------------- EPOCH:647/4000 ---------------------------
Iter: 0, Loss: 0.108163
--------------------------- EPOCH:648/4000 ---------------------------
Iter: 0, Loss: 0.057693
--------------------------- EPOCH:649/4000 ---------------------------
Iter: 0, Loss: 0.080667
--------------------------- EPOCH:650/4000 ---------------------------
Iter: 0, Loss: 0.068889
--------------------------- EPOCH:651/4000 ---------------------------
Iter: 0, Loss: 0.071628
--------------------------- EPOCH:652/4000 ---------------------------
Iter: 0, Loss: 0.058347
--------------------------- EPOCH:653/4000 ---------------------------
Iter: 0, Loss: 0.067987
--------------------------- EPOCH:654/4000 ---------------------------
Iter: 0, Loss: 0.076883
--------------------------- EPOCH:655/4000 ---------------------------
Iter: 0, Loss: 0.115986
--------------------------- EPOCH:656/4000 ---------------------------
Iter: 0, Loss: 0.106758
--------------------------- EPOCH:657/4000 ---------------------------
Iter: 0, Loss: 0.033194
--------------------------- EPOCH:658/4000 ---------------------------
Iter: 0, Loss: 0.073935
--------------------------- EPOCH:659/4000 ---------------------------
Iter: 0, Loss: 0.068006
--------------------------- EPOCH:660/4000 ---------------------------
Iter: 0, Loss: 0.068858
--------------------------- EPOCH:661/4000 ---------------------------
Iter: 0, Loss: 0.070412
--------------------------- EPOCH:662/4000 ---------------------------
Iter: 0, Loss: 0.045570
--------------------------- EPOCH:663/4000 ---------------------------
Iter: 0, Loss: 0.089521
--------------------------- EPOCH:664/4000 ---------------------------
Iter: 0, Loss: 0.048177
--------------------------- EPOCH:665/4000 ---------------------------
Iter: 0, Loss: 0.060024
--------------------------- EPOCH:666/4000 ---------------------------
Iter: 0, Loss: 0.051488
--------------------------- EPOCH:667/4000 ---------------------------
Iter: 0, Loss: 0.049904
--------------------------- EPOCH:668/4000 ---------------------------
Iter: 0, Loss: 0.058057
--------------------------- EPOCH:669/4000 ---------------------------
Iter: 0, Loss: 0.064356
--------------------------- EPOCH:670/4000 ---------------------------
Iter: 0, Loss: 0.061993
--------------------------- EPOCH:671/4000 ---------------------------
Iter: 0, Loss: 0.049777
--------------------------- EPOCH:672/4000 ---------------------------
Iter: 0, Loss: 0.057331
--------------------------- EPOCH:673/4000 ---------------------------
Iter: 0, Loss: 0.090087
--------------------------- EPOCH:674/4000 ---------------------------
Iter: 0, Loss: 0.090322
--------------------------- EPOCH:675/4000 ---------------------------
Iter: 0, Loss: 0.068750
--------------------------- EPOCH:676/4000 ---------------------------
Iter: 0, Loss: 0.043261
--------------------------- EPOCH:677/4000 ---------------------------
Iter: 0, Loss: 0.060000
--------------------------- EPOCH:678/4000 ---------------------------
Iter: 0, Loss: 0.059522
--------------------------- EPOCH:679/4000 ---------------------------
Iter: 0, Loss: 0.085446
--------------------------- EPOCH:680/4000 ---------------------------
Iter: 0, Loss: 0.057391
--------------------------- EPOCH:681/4000 ---------------------------
Iter: 0, Loss: 0.078742
--------------------------- EPOCH:682/4000 ---------------------------
Iter: 0, Loss: 0.061136
实验Baseline2_0: 更新最佳参数，位于 Epoch 682
Val results: val loss=0.0758, SROCC=0.7091, KROCC=0.5101, PLCC=0.7006, RMSE=0.4426
Test results: test loss=0.0684, SROCC=0.7735, KROCC=0.5769, PLCC=0.7717, RMSE=0.4103
--------------------------- EPOCH:683/4000 ---------------------------
Iter: 0, Loss: 0.048117
--------------------------- EPOCH:684/4000 ---------------------------
Iter: 0, Loss: 0.058830
--------------------------- EPOCH:685/4000 ---------------------------
Iter: 0, Loss: 0.037033
--------------------------- EPOCH:686/4000 ---------------------------
Iter: 0, Loss: 0.066853
--------------------------- EPOCH:687/4000 ---------------------------
Iter: 0, Loss: 0.048385
--------------------------- EPOCH:688/4000 ---------------------------
Iter: 0, Loss: 0.052832
--------------------------- EPOCH:689/4000 ---------------------------
Iter: 0, Loss: 0.047084
--------------------------- EPOCH:690/4000 ---------------------------
Iter: 0, Loss: 0.068680
--------------------------- EPOCH:691/4000 ---------------------------
Iter: 0, Loss: 0.075831
--------------------------- EPOCH:692/4000 ---------------------------
Iter: 0, Loss: 0.053356
--------------------------- EPOCH:693/4000 ---------------------------
Iter: 0, Loss: 0.082510
--------------------------- EPOCH:694/4000 ---------------------------
Iter: 0, Loss: 0.054486
--------------------------- EPOCH:695/4000 ---------------------------
Iter: 0, Loss: 0.048723
--------------------------- EPOCH:696/4000 ---------------------------
Iter: 0, Loss: 0.064764
--------------------------- EPOCH:697/4000 ---------------------------
Iter: 0, Loss: 0.102868
--------------------------- EPOCH:698/4000 ---------------------------
Iter: 0, Loss: 0.075240
--------------------------- EPOCH:699/4000 ---------------------------
Iter: 0, Loss: 0.037567
--------------------------- EPOCH:700/4000 ---------------------------
Iter: 0, Loss: 0.054994
--------------------------- EPOCH:701/4000 ---------------------------
Iter: 0, Loss: 0.051650
--------------------------- EPOCH:702/4000 ---------------------------
Iter: 0, Loss: 0.055581
--------------------------- EPOCH:703/4000 ---------------------------
Iter: 0, Loss: 0.066115
--------------------------- EPOCH:704/4000 ---------------------------
Iter: 0, Loss: 0.043233
--------------------------- EPOCH:705/4000 ---------------------------
Iter: 0, Loss: 0.065614
--------------------------- EPOCH:706/4000 ---------------------------
Iter: 0, Loss: 0.039076
--------------------------- EPOCH:707/4000 ---------------------------
Iter: 0, Loss: 0.062653
--------------------------- EPOCH:708/4000 ---------------------------
Iter: 0, Loss: 0.025238
--------------------------- EPOCH:709/4000 ---------------------------
Iter: 0, Loss: 0.047829
--------------------------- EPOCH:710/4000 ---------------------------
Iter: 0, Loss: 0.064586
--------------------------- EPOCH:711/4000 ---------------------------
Iter: 0, Loss: 0.067708
--------------------------- EPOCH:712/4000 ---------------------------
Iter: 0, Loss: 0.065862
--------------------------- EPOCH:713/4000 ---------------------------
Iter: 0, Loss: 0.058799
--------------------------- EPOCH:714/4000 ---------------------------
Iter: 0, Loss: 0.070929
--------------------------- EPOCH:715/4000 ---------------------------
Iter: 0, Loss: 0.054652
--------------------------- EPOCH:716/4000 ---------------------------
Iter: 0, Loss: 0.071963
--------------------------- EPOCH:717/4000 ---------------------------
Iter: 0, Loss: 0.057111
实验Baseline2_0: 更新最佳参数，位于 Epoch 717
Val results: val loss=0.0762, SROCC=0.7081, KROCC=0.5087, PLCC=0.7003, RMSE=0.4453
Test results: test loss=0.0686, SROCC=0.7764, KROCC=0.5794, PLCC=0.7738, RMSE=0.4101
--------------------------- EPOCH:718/4000 ---------------------------
Iter: 0, Loss: 0.078108
--------------------------- EPOCH:719/4000 ---------------------------
Iter: 0, Loss: 0.057790
--------------------------- EPOCH:720/4000 ---------------------------
Iter: 0, Loss: 0.092101
--------------------------- EPOCH:721/4000 ---------------------------
Iter: 0, Loss: 0.056395
--------------------------- EPOCH:722/4000 ---------------------------
Iter: 0, Loss: 0.070882
--------------------------- EPOCH:723/4000 ---------------------------
Iter: 0, Loss: 0.080792
--------------------------- EPOCH:724/4000 ---------------------------
Iter: 0, Loss: 0.052574
--------------------------- EPOCH:725/4000 ---------------------------
Iter: 0, Loss: 0.060369
--------------------------- EPOCH:726/4000 ---------------------------
Iter: 0, Loss: 0.085589
--------------------------- EPOCH:727/4000 ---------------------------
Iter: 0, Loss: 0.079043
--------------------------- EPOCH:728/4000 ---------------------------
Iter: 0, Loss: 0.029814
--------------------------- EPOCH:729/4000 ---------------------------
Iter: 0, Loss: 0.080768
--------------------------- EPOCH:730/4000 ---------------------------
Iter: 0, Loss: 0.072459
--------------------------- EPOCH:731/4000 ---------------------------
Iter: 0, Loss: 0.060052
--------------------------- EPOCH:732/4000 ---------------------------
Iter: 0, Loss: 0.047458
--------------------------- EPOCH:733/4000 ---------------------------
Iter: 0, Loss: 0.131203
--------------------------- EPOCH:734/4000 ---------------------------
Iter: 0, Loss: 0.048329
--------------------------- EPOCH:735/4000 ---------------------------
Iter: 0, Loss: 0.050170
--------------------------- EPOCH:736/4000 ---------------------------
Iter: 0, Loss: 0.076764
--------------------------- EPOCH:737/4000 ---------------------------
Iter: 0, Loss: 0.083114
--------------------------- EPOCH:738/4000 ---------------------------
Iter: 0, Loss: 0.048059
--------------------------- EPOCH:739/4000 ---------------------------
Iter: 0, Loss: 0.053824
--------------------------- EPOCH:740/4000 ---------------------------
Iter: 0, Loss: 0.046458
--------------------------- EPOCH:741/4000 ---------------------------
Iter: 0, Loss: 0.076281
--------------------------- EPOCH:742/4000 ---------------------------
Iter: 0, Loss: 0.085258
--------------------------- EPOCH:743/4000 ---------------------------
Iter: 0, Loss: 0.058661
--------------------------- EPOCH:744/4000 ---------------------------
Iter: 0, Loss: 0.060641
--------------------------- EPOCH:745/4000 ---------------------------
Iter: 0, Loss: 0.052291
--------------------------- EPOCH:746/4000 ---------------------------
Iter: 0, Loss: 0.052561
--------------------------- EPOCH:747/4000 ---------------------------
Iter: 0, Loss: 0.046568
--------------------------- EPOCH:748/4000 ---------------------------
Iter: 0, Loss: 0.048713
--------------------------- EPOCH:749/4000 ---------------------------
Iter: 0, Loss: 0.039471
--------------------------- EPOCH:750/4000 ---------------------------
Iter: 0, Loss: 0.058321
--------------------------- EPOCH:751/4000 ---------------------------
Iter: 0, Loss: 0.040248
--------------------------- EPOCH:752/4000 ---------------------------
Iter: 0, Loss: 0.064967
--------------------------- EPOCH:753/4000 ---------------------------
Iter: 0, Loss: 0.043624
--------------------------- EPOCH:754/4000 ---------------------------
Iter: 0, Loss: 0.053329
--------------------------- EPOCH:755/4000 ---------------------------
Iter: 0, Loss: 0.073147
--------------------------- EPOCH:756/4000 ---------------------------
Iter: 0, Loss: 0.064622
--------------------------- EPOCH:757/4000 ---------------------------
Iter: 0, Loss: 0.092016
--------------------------- EPOCH:758/4000 ---------------------------
Iter: 0, Loss: 0.076169
--------------------------- EPOCH:759/4000 ---------------------------
Iter: 0, Loss: 0.081935
--------------------------- EPOCH:760/4000 ---------------------------
Iter: 0, Loss: 0.067856
--------------------------- EPOCH:761/4000 ---------------------------
Iter: 0, Loss: 0.050270
实验Baseline2_0: 更新最佳参数，位于 Epoch 761
Val results: val loss=0.0812, SROCC=0.7091, KROCC=0.5106, PLCC=0.7031, RMSE=0.4689
Test results: test loss=0.0755, SROCC=0.7794, KROCC=0.5821, PLCC=0.7756, RMSE=0.4445
--------------------------- EPOCH:762/4000 ---------------------------
Iter: 0, Loss: 0.061965
--------------------------- EPOCH:763/4000 ---------------------------
Iter: 0, Loss: 0.048169
--------------------------- EPOCH:764/4000 ---------------------------
Iter: 0, Loss: 0.063257
--------------------------- EPOCH:765/4000 ---------------------------
Iter: 0, Loss: 0.050658
--------------------------- EPOCH:766/4000 ---------------------------
Iter: 0, Loss: 0.057919
--------------------------- EPOCH:767/4000 ---------------------------
Iter: 0, Loss: 0.039442
--------------------------- EPOCH:768/4000 ---------------------------
Iter: 0, Loss: 0.033212
--------------------------- EPOCH:769/4000 ---------------------------
Iter: 0, Loss: 0.050296
--------------------------- EPOCH:770/4000 ---------------------------
Iter: 0, Loss: 0.041252
--------------------------- EPOCH:771/4000 ---------------------------
Iter: 0, Loss: 0.045585
--------------------------- EPOCH:772/4000 ---------------------------
Iter: 0, Loss: 0.054139
--------------------------- EPOCH:773/4000 ---------------------------
Iter: 0, Loss: 0.047908
--------------------------- EPOCH:774/4000 ---------------------------
Iter: 0, Loss: 0.064860
--------------------------- EPOCH:775/4000 ---------------------------
Iter: 0, Loss: 0.071077
--------------------------- EPOCH:776/4000 ---------------------------
Iter: 0, Loss: 0.045448
--------------------------- EPOCH:777/4000 ---------------------------
Iter: 0, Loss: 0.070875
--------------------------- EPOCH:778/4000 ---------------------------
Iter: 0, Loss: 0.042386
--------------------------- EPOCH:779/4000 ---------------------------
Iter: 0, Loss: 0.080586
--------------------------- EPOCH:780/4000 ---------------------------
Iter: 0, Loss: 0.061758
--------------------------- EPOCH:781/4000 ---------------------------
Iter: 0, Loss: 0.068772
--------------------------- EPOCH:782/4000 ---------------------------
Iter: 0, Loss: 0.060737
--------------------------- EPOCH:783/4000 ---------------------------
Iter: 0, Loss: 0.054894
--------------------------- EPOCH:784/4000 ---------------------------
Iter: 0, Loss: 0.051435
--------------------------- EPOCH:785/4000 ---------------------------
Iter: 0, Loss: 0.043246
--------------------------- EPOCH:786/4000 ---------------------------
Iter: 0, Loss: 0.052824
--------------------------- EPOCH:787/4000 ---------------------------
Iter: 0, Loss: 0.058526
--------------------------- EPOCH:788/4000 ---------------------------
Iter: 0, Loss: 0.066374
--------------------------- EPOCH:789/4000 ---------------------------
Iter: 0, Loss: 0.072697
--------------------------- EPOCH:790/4000 ---------------------------
Iter: 0, Loss: 0.057797
--------------------------- EPOCH:791/4000 ---------------------------
Iter: 0, Loss: 0.081322
--------------------------- EPOCH:792/4000 ---------------------------
Iter: 0, Loss: 0.050311
--------------------------- EPOCH:793/4000 ---------------------------
Iter: 0, Loss: 0.074894
--------------------------- EPOCH:794/4000 ---------------------------
Iter: 0, Loss: 0.041862
--------------------------- EPOCH:795/4000 ---------------------------
Iter: 0, Loss: 0.060768
--------------------------- EPOCH:796/4000 ---------------------------
Iter: 0, Loss: 0.056610
--------------------------- EPOCH:797/4000 ---------------------------
Iter: 0, Loss: 0.043723
--------------------------- EPOCH:798/4000 ---------------------------
Iter: 0, Loss: 0.050819
--------------------------- EPOCH:799/4000 ---------------------------
Iter: 0, Loss: 0.077407
--------------------------- EPOCH:800/4000 ---------------------------
Iter: 0, Loss: 0.047438
--------------------------- EPOCH:801/4000 ---------------------------
Iter: 0, Loss: 0.062560
--------------------------- EPOCH:802/4000 ---------------------------
Iter: 0, Loss: 0.076850
--------------------------- EPOCH:803/4000 ---------------------------
Iter: 0, Loss: 0.041722
--------------------------- EPOCH:804/4000 ---------------------------
Iter: 0, Loss: 0.082329
--------------------------- EPOCH:805/4000 ---------------------------
Iter: 0, Loss: 0.032253
--------------------------- EPOCH:806/4000 ---------------------------
Iter: 0, Loss: 0.060569
--------------------------- EPOCH:807/4000 ---------------------------
Iter: 0, Loss: 0.050760
--------------------------- EPOCH:808/4000 ---------------------------
Iter: 0, Loss: 0.064080
--------------------------- EPOCH:809/4000 ---------------------------
Iter: 0, Loss: 0.054760
--------------------------- EPOCH:810/4000 ---------------------------
Iter: 0, Loss: 0.077027
--------------------------- EPOCH:811/4000 ---------------------------
Iter: 0, Loss: 0.047132
--------------------------- EPOCH:812/4000 ---------------------------
Iter: 0, Loss: 0.072319
--------------------------- EPOCH:813/4000 ---------------------------
Iter: 0, Loss: 0.054161
--------------------------- EPOCH:814/4000 ---------------------------
Iter: 0, Loss: 0.054284
--------------------------- EPOCH:815/4000 ---------------------------
Iter: 0, Loss: 0.075089
--------------------------- EPOCH:816/4000 ---------------------------
Iter: 0, Loss: 0.036425
--------------------------- EPOCH:817/4000 ---------------------------
Iter: 0, Loss: 0.070980
--------------------------- EPOCH:818/4000 ---------------------------
Iter: 0, Loss: 0.046583
--------------------------- EPOCH:819/4000 ---------------------------
Iter: 0, Loss: 0.052139
--------------------------- EPOCH:820/4000 ---------------------------
Iter: 0, Loss: 0.058647
--------------------------- EPOCH:821/4000 ---------------------------
Iter: 0, Loss: 0.055938
--------------------------- EPOCH:822/4000 ---------------------------
Iter: 0, Loss: 0.062681
--------------------------- EPOCH:823/4000 ---------------------------
Iter: 0, Loss: 0.072847
--------------------------- EPOCH:824/4000 ---------------------------
Iter: 0, Loss: 0.037741
--------------------------- EPOCH:825/4000 ---------------------------
Iter: 0, Loss: 0.068401
--------------------------- EPOCH:826/4000 ---------------------------
Iter: 0, Loss: 0.050013
--------------------------- EPOCH:827/4000 ---------------------------
Iter: 0, Loss: 0.061922
--------------------------- EPOCH:828/4000 ---------------------------
Iter: 0, Loss: 0.046397
--------------------------- EPOCH:829/4000 ---------------------------
Iter: 0, Loss: 0.081611
--------------------------- EPOCH:830/4000 ---------------------------
Iter: 0, Loss: 0.057903
--------------------------- EPOCH:831/4000 ---------------------------
Iter: 0, Loss: 0.065426
--------------------------- EPOCH:832/4000 ---------------------------
Iter: 0, Loss: 0.038743
--------------------------- EPOCH:833/4000 ---------------------------
Iter: 0, Loss: 0.066497
--------------------------- EPOCH:834/4000 ---------------------------
Iter: 0, Loss: 0.048303
--------------------------- EPOCH:835/4000 ---------------------------
Iter: 0, Loss: 0.056233
--------------------------- EPOCH:836/4000 ---------------------------
Iter: 0, Loss: 0.061230
--------------------------- EPOCH:837/4000 ---------------------------
Iter: 0, Loss: 0.071518
--------------------------- EPOCH:838/4000 ---------------------------
Iter: 0, Loss: 0.044272
--------------------------- EPOCH:839/4000 ---------------------------
Iter: 0, Loss: 0.078992
--------------------------- EPOCH:840/4000 ---------------------------
Iter: 0, Loss: 0.068044
--------------------------- EPOCH:841/4000 ---------------------------
Iter: 0, Loss: 0.043507
--------------------------- EPOCH:842/4000 ---------------------------
Iter: 0, Loss: 0.073613
--------------------------- EPOCH:843/4000 ---------------------------
Iter: 0, Loss: 0.069945
--------------------------- EPOCH:844/4000 ---------------------------
Iter: 0, Loss: 0.074751
--------------------------- EPOCH:845/4000 ---------------------------
Iter: 0, Loss: 0.041434
--------------------------- EPOCH:846/4000 ---------------------------
Iter: 0, Loss: 0.051400
--------------------------- EPOCH:847/4000 ---------------------------
Iter: 0, Loss: 0.055076
--------------------------- EPOCH:848/4000 ---------------------------
Iter: 0, Loss: 0.041659
--------------------------- EPOCH:849/4000 ---------------------------
Iter: 0, Loss: 0.060905
--------------------------- EPOCH:850/4000 ---------------------------
Iter: 0, Loss: 0.040928
--------------------------- EPOCH:851/4000 ---------------------------
Iter: 0, Loss: 0.067282
--------------------------- EPOCH:852/4000 ---------------------------
Iter: 0, Loss: 0.059285
--------------------------- EPOCH:853/4000 ---------------------------
Iter: 0, Loss: 0.072967
--------------------------- EPOCH:854/4000 ---------------------------
Iter: 0, Loss: 0.061739
--------------------------- EPOCH:855/4000 ---------------------------
Iter: 0, Loss: 0.032467
--------------------------- EPOCH:856/4000 ---------------------------
Iter: 0, Loss: 0.076225
--------------------------- EPOCH:857/4000 ---------------------------
Iter: 0, Loss: 0.064963
--------------------------- EPOCH:858/4000 ---------------------------
Iter: 0, Loss: 0.049483
--------------------------- EPOCH:859/4000 ---------------------------
Iter: 0, Loss: 0.034384
--------------------------- EPOCH:860/4000 ---------------------------
Iter: 0, Loss: 0.058421
--------------------------- EPOCH:861/4000 ---------------------------
Iter: 0, Loss: 0.049014
--------------------------- EPOCH:862/4000 ---------------------------
Iter: 0, Loss: 0.076766
--------------------------- EPOCH:863/4000 ---------------------------
Iter: 0, Loss: 0.059361
--------------------------- EPOCH:864/4000 ---------------------------
Iter: 0, Loss: 0.037474
--------------------------- EPOCH:865/4000 ---------------------------
Iter: 0, Loss: 0.101264
--------------------------- EPOCH:866/4000 ---------------------------
Iter: 0, Loss: 0.063999
--------------------------- EPOCH:867/4000 ---------------------------
Iter: 0, Loss: 0.032892
--------------------------- EPOCH:868/4000 ---------------------------
Iter: 0, Loss: 0.050700
--------------------------- EPOCH:869/4000 ---------------------------
Iter: 0, Loss: 0.052480
实验Baseline2_0: 更新最佳参数，位于 Epoch 869
Val results: val loss=0.0777, SROCC=0.7130, KROCC=0.5139, PLCC=0.7089, RMSE=0.4511
Test results: test loss=0.0716, SROCC=0.7809, KROCC=0.5829, PLCC=0.7779, RMSE=0.4245
--------------------------- EPOCH:870/4000 ---------------------------
Iter: 0, Loss: 0.053506
--------------------------- EPOCH:871/4000 ---------------------------
Iter: 0, Loss: 0.048841
--------------------------- EPOCH:872/4000 ---------------------------
Iter: 0, Loss: 0.055113
--------------------------- EPOCH:873/4000 ---------------------------
Iter: 0, Loss: 0.056949
--------------------------- EPOCH:874/4000 ---------------------------
Iter: 0, Loss: 0.040879
--------------------------- EPOCH:875/4000 ---------------------------
Iter: 0, Loss: 0.070661
--------------------------- EPOCH:876/4000 ---------------------------
Iter: 0, Loss: 0.062624
--------------------------- EPOCH:877/4000 ---------------------------
Iter: 0, Loss: 0.067636
--------------------------- EPOCH:878/4000 ---------------------------
Iter: 0, Loss: 0.025581
--------------------------- EPOCH:879/4000 ---------------------------
Iter: 0, Loss: 0.058248
--------------------------- EPOCH:880/4000 ---------------------------
Iter: 0, Loss: 0.061476
--------------------------- EPOCH:881/4000 ---------------------------
Iter: 0, Loss: 0.057492
--------------------------- EPOCH:882/4000 ---------------------------
Iter: 0, Loss: 0.056029
--------------------------- EPOCH:883/4000 ---------------------------
Iter: 0, Loss: 0.046998
--------------------------- EPOCH:884/4000 ---------------------------
Iter: 0, Loss: 0.050510
--------------------------- EPOCH:885/4000 ---------------------------
Iter: 0, Loss: 0.051594
--------------------------- EPOCH:886/4000 ---------------------------
Iter: 0, Loss: 0.067018
--------------------------- EPOCH:887/4000 ---------------------------
Iter: 0, Loss: 0.036414
--------------------------- EPOCH:888/4000 ---------------------------
Iter: 0, Loss: 0.058261
--------------------------- EPOCH:889/4000 ---------------------------
Iter: 0, Loss: 0.046230
--------------------------- EPOCH:890/4000 ---------------------------
Iter: 0, Loss: 0.026141
--------------------------- EPOCH:891/4000 ---------------------------
Iter: 0, Loss: 0.053123
--------------------------- EPOCH:892/4000 ---------------------------
Iter: 0, Loss: 0.058498
--------------------------- EPOCH:893/4000 ---------------------------
Iter: 0, Loss: 0.079031
--------------------------- EPOCH:894/4000 ---------------------------
Iter: 0, Loss: 0.051237
--------------------------- EPOCH:895/4000 ---------------------------
Iter: 0, Loss: 0.081579
--------------------------- EPOCH:896/4000 ---------------------------
Iter: 0, Loss: 0.056025
--------------------------- EPOCH:897/4000 ---------------------------
Iter: 0, Loss: 0.061529
--------------------------- EPOCH:898/4000 ---------------------------
Iter: 0, Loss: 0.051295
--------------------------- EPOCH:899/4000 ---------------------------
Iter: 0, Loss: 0.048622
--------------------------- EPOCH:900/4000 ---------------------------
Iter: 0, Loss: 0.068564
--------------------------- EPOCH:901/4000 ---------------------------
Iter: 0, Loss: 0.042393
--------------------------- EPOCH:902/4000 ---------------------------
Iter: 0, Loss: 0.060493
--------------------------- EPOCH:903/4000 ---------------------------
Iter: 0, Loss: 0.088052
--------------------------- EPOCH:904/4000 ---------------------------
Iter: 0, Loss: 0.052518
--------------------------- EPOCH:905/4000 ---------------------------
Iter: 0, Loss: 0.053207
--------------------------- EPOCH:906/4000 ---------------------------
Iter: 0, Loss: 0.049803
--------------------------- EPOCH:907/4000 ---------------------------
Iter: 0, Loss: 0.063971
--------------------------- EPOCH:908/4000 ---------------------------
Iter: 0, Loss: 0.040143
--------------------------- EPOCH:909/4000 ---------------------------
Iter: 0, Loss: 0.055502
--------------------------- EPOCH:910/4000 ---------------------------
Iter: 0, Loss: 0.067101
--------------------------- EPOCH:911/4000 ---------------------------
Iter: 0, Loss: 0.058719
--------------------------- EPOCH:912/4000 ---------------------------
Iter: 0, Loss: 0.062038
--------------------------- EPOCH:913/4000 ---------------------------
Iter: 0, Loss: 0.048030
--------------------------- EPOCH:914/4000 ---------------------------
Iter: 0, Loss: 0.047484
--------------------------- EPOCH:915/4000 ---------------------------
Iter: 0, Loss: 0.046710
--------------------------- EPOCH:916/4000 ---------------------------
Iter: 0, Loss: 0.047467
--------------------------- EPOCH:917/4000 ---------------------------
Iter: 0, Loss: 0.059166
--------------------------- EPOCH:918/4000 ---------------------------
Iter: 0, Loss: 0.054374
--------------------------- EPOCH:919/4000 ---------------------------
Iter: 0, Loss: 0.100360
--------------------------- EPOCH:920/4000 ---------------------------
Iter: 0, Loss: 0.067450
--------------------------- EPOCH:921/4000 ---------------------------
Iter: 0, Loss: 0.058892
--------------------------- EPOCH:922/4000 ---------------------------
Iter: 0, Loss: 0.072154
实验Baseline2_0: 更新最佳参数，位于 Epoch 922
Val results: val loss=0.0927, SROCC=0.7096, KROCC=0.5115, PLCC=0.7084, RMSE=0.5320
Test results: test loss=0.0889, SROCC=0.7820, KROCC=0.5827, PLCC=0.7781, RMSE=0.5098
--------------------------- EPOCH:923/4000 ---------------------------
Iter: 0, Loss: 0.090085
--------------------------- EPOCH:924/4000 ---------------------------
Iter: 0, Loss: 0.053193
--------------------------- EPOCH:925/4000 ---------------------------
Iter: 0, Loss: 0.053487
--------------------------- EPOCH:926/4000 ---------------------------
Iter: 0, Loss: 0.059941
--------------------------- EPOCH:927/4000 ---------------------------
Iter: 0, Loss: 0.060843
--------------------------- EPOCH:928/4000 ---------------------------
Iter: 0, Loss: 0.060655
--------------------------- EPOCH:929/4000 ---------------------------
Iter: 0, Loss: 0.057494
--------------------------- EPOCH:930/4000 ---------------------------
Iter: 0, Loss: 0.050018
--------------------------- EPOCH:931/4000 ---------------------------
Iter: 0, Loss: 0.045024
--------------------------- EPOCH:932/4000 ---------------------------
Iter: 0, Loss: 0.029529
--------------------------- EPOCH:933/4000 ---------------------------
Iter: 0, Loss: 0.060620
--------------------------- EPOCH:934/4000 ---------------------------
Iter: 0, Loss: 0.065011
--------------------------- EPOCH:935/4000 ---------------------------
Iter: 0, Loss: 0.031879
--------------------------- EPOCH:936/4000 ---------------------------
Iter: 0, Loss: 0.040080
--------------------------- EPOCH:937/4000 ---------------------------
Iter: 0, Loss: 0.072030
--------------------------- EPOCH:938/4000 ---------------------------
Iter: 0, Loss: 0.045560
--------------------------- EPOCH:939/4000 ---------------------------
Iter: 0, Loss: 0.064541
--------------------------- EPOCH:940/4000 ---------------------------
Iter: 0, Loss: 0.065105
--------------------------- EPOCH:941/4000 ---------------------------
Iter: 0, Loss: 0.032672
--------------------------- EPOCH:942/4000 ---------------------------
Iter: 0, Loss: 0.039622
--------------------------- EPOCH:943/4000 ---------------------------
Iter: 0, Loss: 0.070207
--------------------------- EPOCH:944/4000 ---------------------------
Iter: 0, Loss: 0.050827
--------------------------- EPOCH:945/4000 ---------------------------
Iter: 0, Loss: 0.073154
--------------------------- EPOCH:946/4000 ---------------------------
Iter: 0, Loss: 0.068004
--------------------------- EPOCH:947/4000 ---------------------------
Iter: 0, Loss: 0.044700
--------------------------- EPOCH:948/4000 ---------------------------
Iter: 0, Loss: 0.055795
--------------------------- EPOCH:949/4000 ---------------------------
Iter: 0, Loss: 0.064193
--------------------------- EPOCH:950/4000 ---------------------------
Iter: 0, Loss: 0.031160
--------------------------- EPOCH:951/4000 ---------------------------
Iter: 0, Loss: 0.058981
--------------------------- EPOCH:952/4000 ---------------------------
Iter: 0, Loss: 0.043568
--------------------------- EPOCH:953/4000 ---------------------------
Iter: 0, Loss: 0.077356
--------------------------- EPOCH:954/4000 ---------------------------
Iter: 0, Loss: 0.045279
--------------------------- EPOCH:955/4000 ---------------------------
Iter: 0, Loss: 0.063155
--------------------------- EPOCH:956/4000 ---------------------------
Iter: 0, Loss: 0.051521
--------------------------- EPOCH:957/4000 ---------------------------
Iter: 0, Loss: 0.071441
--------------------------- EPOCH:958/4000 ---------------------------
Iter: 0, Loss: 0.044988
--------------------------- EPOCH:959/4000 ---------------------------
Iter: 0, Loss: 0.049330
--------------------------- EPOCH:960/4000 ---------------------------
Iter: 0, Loss: 0.055709
--------------------------- EPOCH:961/4000 ---------------------------
Iter: 0, Loss: 0.037428
--------------------------- EPOCH:962/4000 ---------------------------
Iter: 0, Loss: 0.078716
--------------------------- EPOCH:963/4000 ---------------------------
Iter: 0, Loss: 0.069470
--------------------------- EPOCH:964/4000 ---------------------------
Iter: 0, Loss: 0.055894
--------------------------- EPOCH:965/4000 ---------------------------
Iter: 0, Loss: 0.037333
--------------------------- EPOCH:966/4000 ---------------------------
Iter: 0, Loss: 0.047133
--------------------------- EPOCH:967/4000 ---------------------------
Iter: 0, Loss: 0.052809
--------------------------- EPOCH:968/4000 ---------------------------
Iter: 0, Loss: 0.061485
--------------------------- EPOCH:969/4000 ---------------------------
Iter: 0, Loss: 0.063301
--------------------------- EPOCH:970/4000 ---------------------------
Iter: 0, Loss: 0.050547
--------------------------- EPOCH:971/4000 ---------------------------
Iter: 0, Loss: 0.053883
--------------------------- EPOCH:972/4000 ---------------------------
Iter: 0, Loss: 0.051402
--------------------------- EPOCH:973/4000 ---------------------------
Iter: 0, Loss: 0.065872
--------------------------- EPOCH:974/4000 ---------------------------
Iter: 0, Loss: 0.054743
--------------------------- EPOCH:975/4000 ---------------------------
Iter: 0, Loss: 0.057019
--------------------------- EPOCH:976/4000 ---------------------------
Iter: 0, Loss: 0.052916
--------------------------- EPOCH:977/4000 ---------------------------
Iter: 0, Loss: 0.047910
--------------------------- EPOCH:978/4000 ---------------------------
Iter: 0, Loss: 0.040043
--------------------------- EPOCH:979/4000 ---------------------------
Iter: 0, Loss: 0.039306
--------------------------- EPOCH:980/4000 ---------------------------
Iter: 0, Loss: 0.042639
--------------------------- EPOCH:981/4000 ---------------------------
Iter: 0, Loss: 0.075097
--------------------------- EPOCH:982/4000 ---------------------------
Iter: 0, Loss: 0.069235
--------------------------- EPOCH:983/4000 ---------------------------
Iter: 0, Loss: 0.055286
--------------------------- EPOCH:984/4000 ---------------------------
Iter: 0, Loss: 0.049926
--------------------------- EPOCH:985/4000 ---------------------------
Iter: 0, Loss: 0.077278
--------------------------- EPOCH:986/4000 ---------------------------
Iter: 0, Loss: 0.077506
--------------------------- EPOCH:987/4000 ---------------------------
Iter: 0, Loss: 0.065403
--------------------------- EPOCH:988/4000 ---------------------------
Iter: 0, Loss: 0.056534
--------------------------- EPOCH:989/4000 ---------------------------
Iter: 0, Loss: 0.068281
--------------------------- EPOCH:990/4000 ---------------------------
Iter: 0, Loss: 0.045573
--------------------------- EPOCH:991/4000 ---------------------------
Iter: 0, Loss: 0.101341
--------------------------- EPOCH:992/4000 ---------------------------
Iter: 0, Loss: 0.032314
--------------------------- EPOCH:993/4000 ---------------------------
Iter: 0, Loss: 0.055931
--------------------------- EPOCH:994/4000 ---------------------------
Iter: 0, Loss: 0.063423
--------------------------- EPOCH:995/4000 ---------------------------
Iter: 0, Loss: 0.055764
--------------------------- EPOCH:996/4000 ---------------------------
Iter: 0, Loss: 0.040677
--------------------------- EPOCH:997/4000 ---------------------------
Iter: 0, Loss: 0.033295
--------------------------- EPOCH:998/4000 ---------------------------
Iter: 0, Loss: 0.036575
--------------------------- EPOCH:999/4000 ---------------------------
Iter: 0, Loss: 0.078726
--------------------------- EPOCH:1000/4000 ---------------------------
Iter: 0, Loss: 0.084852
--------------------------- EPOCH:1001/4000 ---------------------------
Iter: 0, Loss: 0.066509
--------------------------- EPOCH:1002/4000 ---------------------------
Iter: 0, Loss: 0.045671
--------------------------- EPOCH:1003/4000 ---------------------------
Iter: 0, Loss: 0.045621
--------------------------- EPOCH:1004/4000 ---------------------------
Iter: 0, Loss: 0.052446
--------------------------- EPOCH:1005/4000 ---------------------------
Iter: 0, Loss: 0.050187
--------------------------- EPOCH:1006/4000 ---------------------------
Iter: 0, Loss: 0.051917
--------------------------- EPOCH:1007/4000 ---------------------------
Iter: 0, Loss: 0.060230
--------------------------- EPOCH:1008/4000 ---------------------------
Iter: 0, Loss: 0.069004
--------------------------- EPOCH:1009/4000 ---------------------------
Iter: 0, Loss: 0.045763
--------------------------- EPOCH:1010/4000 ---------------------------
Iter: 0, Loss: 0.064436
