=============================== 本次训练信息 ==============================
实验模型名称: Baseline3_0
数据集KoNViD
模型名称Baseline3_0
==========================================================================
Brand new model

--------------------------- EPOCH:1/4000 ---------------------------
Python 3.5.6 |Anaconda, Inc.| (default, Aug 26 2018, 21:41:56) 
[GCC 7.3.0] on linux
tensor([[0.8554, 0.5386],
        [0.8536, 0.5059],
        [0.7966, 0.5601],
        [0.7159, 0.3948],
        [0.6524, 0.7250],
        [0.6801, 0.5650],
        [0.8594, 0.5125],
        [0.5978, 0.7196],
        [0.9013, 0.6126],
        [0.8207, 0.4486],
        [0.8017, 0.4445],
        [0.9054, 0.5963],
        [0.8875, 0.5202],
        [0.3540, 0.4971],
        [0.7147, 0.7213],
        [0.5145, 0.6938]], device='cuda:0', grad_fn=<SigmoidBackward>)
torch.Size([16, 2])
torch.Size([1, 1, 237])
=============================== 本次训练信息 ==============================
实验模型名称: Baseline3_0
数据集KoNViD
模型名称Baseline3_0
==========================================================================
Brand new model

--------------------------- EPOCH:1/4000 ---------------------------
=============================== 本次训练信息 ==============================
实验模型名称: Baseline3_0
数据集KoNViD
模型名称Baseline3_0
==========================================================================
Brand new model

--------------------------- EPOCH:1/4000 ---------------------------
Python 3.5.6 |Anaconda, Inc.| (default, Aug 26 2018, 21:41:56) 
[GCC 7.3.0] on linux
tensor(4., device='cuda:0', grad_fn=<TruncBackward>)
tensor(0.4661, device='cuda:0', grad_fn=<SelectBackward>)
tensor(9.9912, device='cuda:0', grad_fn=<AddBackward0>)
=============================== 本次训练信息 ==============================
实验模型名称: Baseline3_0
数据集KoNViD
模型名称Baseline3_0
==========================================================================
Brand new model

--------------------------- EPOCH:1/4000 ---------------------------
Python 3.5.6 |Anaconda, Inc.| (default, Aug 26 2018, 21:41:56) 
[GCC 7.3.0] on linux
tensor(4., device='cuda:0', grad_fn=<RoundBackward>)
tensor(0.1453, device='cuda:0', grad_fn=<SelectBackward>)
=============================== 本次训练信息 ==============================
实验模型名称: Baseline3_0
数据集KoNViD
模型名称Baseline3_0
==========================================================================
Brand new model

--------------------------- EPOCH:1/4000 ---------------------------
Python 3.5.6 |Anaconda, Inc.| (default, Aug 26 2018, 21:41:56) 
[GCC 7.3.0] on linux
13
=============================== 本次训练信息 ==============================
实验模型名称: Baseline3_0
数据集KoNViD
模型名称Baseline3_0
==========================================================================
Brand new model

--------------------------- EPOCH:1/4000 ---------------------------
