=============================== 本次训练信息 ==============================
实验模型名称: Baseline3_0
数据集KoNViD
模型名称Baseline3_0
==========================================================================
The model has been trained in Epoch:1345, GlobalIteration:59224
Model Path:/home/winston/workSpace/PycharmProjects/VQA/Ours/Models/VQA_Baseline3_0/model/model_1345_44.mdl

--------------------------- EPOCH:1346/4000 ---------------------------
Python 3.5.6 |Anaconda, Inc.| (default, Aug 26 2018, 21:41:56) 
[GCC 7.3.0] on linux
tensor([[[1.3818, 1.3818, 1.3818, 1.3818, 1.3818, 1.3818, 1.3818, 1.3818,
          1.3744, 1.3021, 1.3021, 1.2397, 1.2397, 1.2397, 1.2397, 1.2397,
          1.1936, 1.1043, 1.1043, 1.1043, 1.1043, 1.1043, 1.1043, 1.1043,
          1.1043, 1.1043, 1.1043, 1.1043, 1.0632, 1.0221, 0.7627, 0.7627,
          0.7627, 0.7627, 0.7627, 0.7627, 0.7627, 0.7627, 0.7627, 0.7627,
          0.7627, 0.7627, 0.7627, 0.7627, 0.7627, 0.7627, 0.8257, 0.8257,
          0.8257, 0.8257, 0.8257, 0.8257, 0.8257, 0.8257, 0.8257, 0.8355,
          0.8279, 0.8279, 0.8279, 0.8279, 0.8279, 0.8279, 0.7971, 0.7365,
          0.7365, 0.7365, 0.7365, 0.7365, 0.7365, 0.7365, 0.7365, 0.7365,
          0.7365, 0.7365, 0.7365, 0.7365, 0.7365, 0.7365, 0.7365, 0.7579,
          0.7579, 0.8202, 0.8202, 0.8202, 0.8202, 0.8202, 0.8202, 0.8202,
          0.8202, 0.8214, 0.8214, 0.8214, 0.8214, 0.8214, 0.8214, 0.8214,
          0.7616, 0.7616, 0.7616, 0.7616, 0.7616, 0.7616, 0.7506, 0.7506,
          0.7506, 0.7506, 0.7506, 0.7506, 0.7506, 0.7506, 0.7506, 0.7506,
          0.7506, 0.7506, 0.7506, 0.7506, 0.7506, 0.7506, 0.8795, 0.8795,
          0.8339, 0.8339, 0.7882, 0.7882, 0.7882, 0.7882, 0.7882, 0.7882,
          0.7882, 0.7882, 0.7882, 0.1823, 0.1823, 0.1823, 0.1823, 0.1823,
          0.1823, 0.1823, 0.1823, 0.1823, 0.1823, 0.1823, 0.1823, 0.1823,
          0.1823, 0.1823, 0.1823, 0.1823, 0.7520, 0.7520, 0.6957, 0.6957,
          0.6957, 0.6957, 0.6957, 0.6957, 0.6957, 0.6957, 0.6957, 0.6957,
          0.6957, 0.6957, 0.6291, 0.6291, 0.6291, 0.6291, 0.6291, 0.6015,
          0.5249, 0.5249, 0.5249, 0.5249, 0.5249, 0.5249, 0.5249, 0.5128,
          0.4887, 0.4746, 0.4746, 0.4746, 0.4746, 0.4746, 0.4746, 0.4746,
          0.4746, 0.4746, 0.4746, 0.4746, 0.4746, 0.4746, 0.4746, 0.4746,
          0.4746, 0.5182, 0.5182, 0.4711, 0.4711, 0.4711, 0.4141, 0.4141,
          0.4141, 0.3231, 0.3231, 0.3231, 0.3231, 0.3231, 0.3231, 0.3231,
          0.3231, 0.3231, 0.3231, 0.3231, 0.3231, 0.3231, 0.3231, 0.3231,
          0.3231, 0.3235, 0.2515, 0.2515, 0.2515, 0.1721, 0.1293, 0.1293,
          0.1293, 0.1293, 0.1293, 0.1293, 0.1293, 0.1293, 0.1293, 0.0769,
          0.0374, 0.0374, 0.0374, 0.0374, 0.0374]]], device='cuda:0',
       grad_fn=<CatBackward>)
tensor([[[1.3818, 1.3818, 1.3818, 1.3818, 1.3818, 1.3818, 1.3818, 1.3818,
          1.3744, 1.3021, 1.3021, 1.2397, 1.2397, 1.2397, 1.2397, 1.2397,
          1.1936, 1.1043, 1.1043, 1.1043, 1.1043, 1.1043, 1.1043, 1.1043,
          1.1043, 1.1043, 1.1043, 1.1043, 1.0632, 1.0221, 0.7627, 0.7627,
          0.7627, 0.7627, 0.7627, 0.7627, 0.7627, 0.7627, 0.7627, 0.7627,
          0.7627, 0.7627, 0.7627, 0.7627, 0.7627, 0.7627, 0.8257, 0.8257,
          0.8257, 0.8257, 0.8257, 0.8257, 0.8257, 0.8257, 0.8257, 0.8355,
          0.8279, 0.8279, 0.8279, 0.8279, 0.8279, 0.8279, 0.7971, 0.7365,
          0.7365, 0.7365, 0.7365, 0.7365, 0.7365, 0.7365, 0.7365, 0.7365,
          0.7365, 0.7365, 0.7365, 0.7365, 0.7365, 0.7365, 0.7365, 0.7579,
          0.7579, 0.8202, 0.8202, 0.8202, 0.8202, 0.8202, 0.8202, 0.8202,
          0.8202, 0.8214, 0.8214, 0.8214, 0.8214, 0.8214, 0.8214, 0.8214,
          0.7616, 0.7616, 0.7616, 0.7616, 0.7616, 0.7616, 0.7506, 0.7506,
          0.7506, 0.7506, 0.7506, 0.7506, 0.7506, 0.7506, 0.7506, 0.7506,
          0.7506, 0.7506, 0.7506, 0.7506, 0.7506, 0.7506, 0.8795, 0.8795,
          0.8339, 0.8339, 0.7882, 0.7882, 0.7882, 0.7882, 0.7882, 0.7882,
          0.7882, 0.7882, 0.7882, 0.1823, 0.1823, 0.1823, 0.1823, 0.1823,
          0.1823, 0.1823, 0.1823, 0.1823, 0.1823, 0.1823, 0.1823, 0.1823,
          0.1823, 0.1823, 0.1823, 0.1823, 0.7520, 0.7520, 0.6957, 0.6957,
          0.6957, 0.6957, 0.6957, 0.6957, 0.6957, 0.6957, 0.6957, 0.6957,
          0.6957, 0.6957, 0.6291, 0.6291, 0.6291, 0.6291, 0.6291, 0.6015,
          0.5249, 0.5249, 0.5249, 0.5249, 0.5249, 0.5249, 0.5249, 0.5128,
          0.4887, 0.4746, 0.4746, 0.4746, 0.4746, 0.4746, 0.4746, 0.4746,
          0.4746, 0.4746, 0.4746, 0.4746, 0.4746, 0.4746, 0.4746, 0.4746,
          0.4746, 0.5182, 0.5182, 0.4711, 0.4711, 0.4711, 0.4141, 0.4141,
          0.4141, 0.3231, 0.3231, 0.3231, 0.3231, 0.3231, 0.3231, 0.3231,
          0.3231, 0.3231, 0.3231, 0.3231, 0.3231, 0.3231, 0.3231, 0.3231,
          0.3231, 0.3235, 0.2515, 0.2515, 0.2515, 0.1721, 0.1293, 0.1293,
          0.1293, 0.1293, 0.1293, 0.1293, 0.1293, 0.1293, 0.1293, 0.0769,
          0.0374, 0.0374, 0.0374, 0.0374, 0.0374]]], device='cuda:0',
       grad_fn=<CatBackward>)
<class 'torch.Tensor'>
torch.Size([1, 1, 237])
tensor(156.1105, device='cuda:0', grad_fn=<SumBackward0>)
tensor(16., device='cuda:0', grad_fn=<RoundBackward>)
tensor(16.0089, device='cuda:0', grad_fn=<AddBackward0>)
=============================== 本次训练信息 ==============================
实验模型名称: Baseline3_0
数据集KoNViD
模型名称Baseline3_0
==========================================================================
The model has been trained in Epoch:1345, GlobalIteration:59224
Model Path:/home/winston/workSpace/PycharmProjects/VQA/Ours/Models/VQA_Baseline3_0/model/model_1345_44.mdl

--------------------------- EPOCH:1346/4000 ---------------------------
Python 3.5.6 |Anaconda, Inc.| (default, Aug 26 2018, 21:41:56) 
[GCC 7.3.0] on linux
tensor(16.6752, device='cuda:0', grad_fn=<AddBackward0>)
tensor(20.5301, device='cuda:0', grad_fn=<AddBackward0>)
tensor(11.5933, device='cuda:0', grad_fn=<AddBackward0>)
tensor(11.5933, device='cuda:0', grad_fn=<AddBackward0>)
tensor(14.4572, device='cuda:0', grad_fn=<AddBackward0>)
