=============================== 本次训练信息 ==============================
实验模型名称: Baseline3_0
数据集KoNViD
模型名称Baseline3_0
==========================================================================
The model has been trained in Epoch:1357, GlobalIteration:59752
Model Path:/home/winston/workSpace/PycharmProjects/VQA/Ours/Models/VQA_Baseline3_0/model/model_1357_44.mdl

--------------------------- EPOCH:1358/4000 ---------------------------
=============================== 本次训练信息 ==============================
实验模型名称: Baseline3_0
数据集KoNViD
模型名称Baseline3_0
==========================================================================
The model has been trained in Epoch:1357, GlobalIteration:59752
Model Path:/home/winston/workSpace/PycharmProjects/VQA/Ours/Models/VQA_Baseline3_0/model/model_1357_44.mdl

--------------------------- EPOCH:1358/4000 ---------------------------
Python 3.5.6 |Anaconda, Inc.| (default, Aug 26 2018, 21:41:56) 
[GCC 7.3.0] on linux
tensor([], device='cuda:0', dtype=torch.int32)
tensor(-9, device='cuda:0', dtype=torch.int32)
tensor([], device='cuda:0', dtype=torch.int32)
tensor([0], device='cuda:0', dtype=torch.int32)
tensor([], device='cuda:0', dtype=torch.int32)
tensor(0., device='cuda:0')
tensor(0, device='cuda:0', dtype=torch.int32)
tensor(0, device='cuda:0', dtype=torch.int32)
188
189
tensor(10, device='cuda:0', dtype=torch.int32)
189
tensor(11, device='cuda:0', dtype=torch.int32)
tensor([ 1710621112,       32757,  1710621112,       32757,   282347376,
              21943,   282347376,       21943, -2144534528,  1512675273,
         1687643896,       32757,  -481440048,       32756, -1653969973,
         1491795634,  -488612584,       32756,  1457682040,       32757,
         1713364696,       32757,           0,           0,           0,
                  0, -1722335741,  -905388835,  1687536224,       32757,
         1687533032,       32757,  1691703928,       32757,           0,
                  0,           0,           0,  -533459368,  -477439050,
         -488612416,       32756,  1457682976,       32757,   609683318,
         1815413969,  -490440528,       32756,  1457646280,       32757,
         1713979552,       32757,           0,           0,           0,
                  0,   491312136,  1296753174,  -488612640,       32756,
         1599944088,       32757,  -728153748,   179797169,  1301906672,
              32757,  -490622360,       32756,  1457416152,       32757,
                  0,           0,           0,           0,  1457416152,
              32757,           0,           0,           0,           0,
         1713601704,       32757,           0,           0,           0,
                  0,  1457416152,       32757,           0,           0,
                  0,           0,  1457416152,       32757,           0,
                  0,           0,           0,  -248970899,   424035471,
         -488612808,       32756,  1599943408,       32757,  1691083080,
              32757,           0,           0,           0,           0,
         1962012177,  -223900247,  1691258928,       32757,  1617467576,
              32757,  -435835502,  -667995816,  1300517472,       32757,
         1617467656,       32757, -1563321325,  -666341575,  1691834664,
              32757,  1275674776,       32757,   782419988,  1177035766,
         1682356016,       32757,  1682481944,       32757,   590037998,
         -680212374,  1713871760,       32757, -1576226752,       21942,
         1713648336,       32757,           0,           0,           0,
                  0,   504569881,  -784601073,  1457286080,       32757,
         1457495616,       32757,   509681304,  1736226947,  1457223040,
              32757,  1457158688,       32757,   117487428,   284216062,
         1714864176,       32757,  -488698800,       32756,  2111558170,
          690661886,  1713618088,       32757,  1276871688,       32757,
        -1314666961,   606548216,  -490440656,       32756,  1457681752,
              32757,   699226780,  1176493237,  1714452784,       32757,
         -481726792,       32756,   284915613,  -191307261,  1300508848,
              32757, -1530411544,       21942,   288353182], dtype=torch.int32)
tensor([189.])
tensor([189], dtype=torch.int32)
tensor([11], device='cuda:0', dtype=torch.int32)
=============================== 本次训练信息 ==============================
实验模型名称: Baseline3_0
数据集KoNViD
模型名称Baseline3_0
==========================================================================
The model has been trained in Epoch:1357, GlobalIteration:59752
Model Path:/home/winston/workSpace/PycharmProjects/VQA/Ours/Models/VQA_Baseline3_0/model/model_1357_44.mdl

--------------------------- EPOCH:1358/4000 ---------------------------
=============================== 本次训练信息 ==============================
实验模型名称: Baseline3_0
数据集KoNViD
模型名称Baseline3_0
==========================================================================
The model has been trained in Epoch:1357, GlobalIteration:59752
Model Path:/home/winston/workSpace/PycharmProjects/VQA/Ours/Models/VQA_Baseline3_0/model/model_1357_44.mdl

--------------------------- EPOCH:1358/4000 ---------------------------
Python 3.5.6 |Anaconda, Inc.| (default, Aug 26 2018, 21:41:56) 
[GCC 7.3.0] on linux
tensor(0, device='cuda:0', dtype=torch.int32)
tensor([19], device='cuda:0', dtype=torch.int32)
tensor([19], device='cuda:0', dtype=torch.int32)
tensor(19, device='cuda:0', dtype=torch.int32)
=============================== 本次训练信息 ==============================
实验模型名称: Baseline3_0
数据集KoNViD
模型名称Baseline3_0
==========================================================================
The model has been trained in Epoch:1357, GlobalIteration:59752
Model Path:/home/winston/workSpace/PycharmProjects/VQA/Ours/Models/VQA_Baseline3_0/model/model_1357_44.mdl

--------------------------- EPOCH:1358/4000 ---------------------------
tensor(0, device='cuda:0', dtype=torch.int32)
tensor(14, device='cuda:0', dtype=torch.int32)
tensor(13.4865, device='cuda:0', grad_fn=<AddBackward0>)
tensor([0.3674, 0.3677, 0.3623, 0.3571, 0.3672, 0.3633, 0.3660, 0.3669, 0.3665,
        0.3674, 0.3676, 0.3649, 0.3676, 0.3677, 0.3594, 0.3660, 0.3670, 0.3635,
        0.3624, 0.3651, 0.3671, 0.3678, 0.3670, 0.3677, 0.3667, 0.3669, 0.3640,
        0.3603, 0.3618, 0.3672, 0.3633, 0.3633, 0.3601, 0.3675, 0.3644, 0.3673,
        0.3624, 0.3636, 0.3582, 0.3538, 0.3621, 0.3673, 0.3655, 0.3642, 0.3679,
        0.3653, 0.3467, 0.3639, 0.3532, 0.3583, 0.3657, 0.3573, 0.3679, 0.3626,
        0.3661, 0.3678, 0.3660, 0.3667, 0.3662, 0.3670, 0.3678, 0.3665, 0.3660,
        0.3614, 0.3626, 0.3656, 0.3665, 0.3679, 0.3679, 0.3670, 0.3679, 0.3678,
        0.3677, 0.3679, 0.3652, 0.3673, 0.3667, 0.3638, 0.3654, 0.3477, 0.3359,
        0.3484, 0.3636, 0.3638, 0.3653, 0.3418, 0.3609, 0.3562, 0.3607, 0.3641,
        0.3616, 0.3596, 0.3611, 0.3585, 0.3625, 0.3660, 0.3617, 0.3617, 0.3595,
        0.3582, 0.3640, 0.3651, 0.3643, 0.3609, 0.3466, 0.3568, 0.3532, 0.3616,
        0.3662, 0.3675, 0.3646, 0.3631, 0.3252, 0.3186, 0.3033, 0.3004, 0.2970,
        0.3287, 0.3168, 0.3394, 0.3477, 0.3406, 0.3252, 0.3397, 0.3197, 0.3370,
        0.3352, 0.3333, 0.3132, 0.3397, 0.3416, 0.3247, 0.3427, 0.3404, 0.3558,
        0.3449, 0.3503, 0.3541, 0.3537, 0.3440, 0.3402, 0.3539, 0.3582, 0.3553,
        0.3382, 0.3007, 0.3390, 0.3265, 0.2882, 0.3352, 0.3162, 0.3345, 0.3214,
        0.3557, 0.3507, 0.3510, 0.3594, 0.3660, 0.3537, 0.3530, 0.3584, 0.3589,
        0.3610, 0.3582, 0.3505, 0.3545, 0.3429, 0.3311, 0.3571, 0.3533, 0.3589,
        0.3607, 0.3652, 0.3636, 0.3640, 0.3614, 0.3506, 0.3600, 0.3619, 0.3634,
        0.3625, 0.3622, 0.3651, 0.3528, 0.3486, 0.3560, 0.3633, 0.3224, 0.3411,
        0.3126, 0.3303, 0.3319, 0.3378, 0.3311, 0.3001, 0.3070, 0.3050, 0.2947,
        0.3175, 0.3000, 0.2954, 0.2799, 0.2910, 0.3070, 0.2765, 0.2878, 0.2946,
        0.2731, 0.2629, 0.3253, 0.3131, 0.2925, 0.2251, 0.2447, 0.2304, 0.2517,
        0.2517, 0.2591, 0.2683, 0.1234, 0.1990, 0.2045, 0.2103, 0.2214, 0.2024,
        0.2180, 0.2414, 0.2078, 0.2206, 0.1657, 0.1671, 0.1860, 0.0826, 0.1450,
        0.1075, 0.1817, 0.2063], device='cuda:0', grad_fn=<MulBackward0>)
=============================== 本次训练信息 ==============================
实验模型名称: Baseline3_0
数据集KoNViD
模型名称Baseline3_0
==========================================================================
The model has been trained in Epoch:1357, GlobalIteration:59752
Model Path:/home/winston/workSpace/PycharmProjects/VQA/Ours/Models/VQA_Baseline3_0/model/model_1357_44.mdl

--------------------------- EPOCH:1358/4000 ---------------------------
Python 3.5.6 |Anaconda, Inc.| (default, Aug 26 2018, 21:41:56) 
[GCC 7.3.0] on linux
=============================== 本次训练信息 ==============================
实验模型名称: Baseline3_0
数据集KoNViD
模型名称Baseline3_0
==========================================================================
The model has been trained in Epoch:1357, GlobalIteration:59752
Model Path:/home/winston/workSpace/PycharmProjects/VQA/Ours/Models/VQA_Baseline3_0/model/model_1357_44.mdl

--------------------------- EPOCH:1358/4000 ---------------------------
Python 3.5.6 |Anaconda, Inc.| (default, Aug 26 2018, 21:41:56) 
[GCC 7.3.0] on linux
torch.Size([])
torch.Size([])
torch.Size([])
torch.Size([1, 1, 1])
torch.Size([1])
torch.Size([])
tensor(0.2017, device='cuda:0', grad_fn=<ViewBackward>)
tensor(0.2017, device='cuda:0', grad_fn=<ViewBackward>)
torch.Size([1, 1, 237])
=============================== 本次训练信息 ==============================
实验模型名称: Baseline3_0
数据集KoNViD
模型名称Baseline3_0
==========================================================================
The model has been trained in Epoch:1357, GlobalIteration:59752
Model Path:/home/winston/workSpace/PycharmProjects/VQA/Ours/Models/VQA_Baseline3_0/model/model_1357_44.mdl

--------------------------- EPOCH:1358/4000 ---------------------------
=============================== 本次训练信息 ==============================
实验模型名称: Baseline3_0
数据集KoNViD
模型名称Baseline3_0
==========================================================================
The model has been trained in Epoch:1357, GlobalIteration:59752
Model Path:/home/winston/workSpace/PycharmProjects/VQA/Ours/Models/VQA_Baseline3_0/model/model_1357_44.mdl

--------------------------- EPOCH:1358/4000 ---------------------------
Python 3.5.6 |Anaconda, Inc.| (default, Aug 26 2018, 21:41:56) 
[GCC 7.3.0] on linux
torch.Size([])
torch.Size([])
torch.Size([])
torch.Size([237])
=============================== 本次训练信息 ==============================
实验模型名称: Baseline3_0
数据集KoNViD
模型名称Baseline3_0
==========================================================================
The model has been trained in Epoch:1357, GlobalIteration:59752
Model Path:/home/winston/workSpace/PycharmProjects/VQA/Ours/Models/VQA_Baseline3_0/model/model_1357_44.mdl

--------------------------- EPOCH:1358/4000 ---------------------------
Python 3.5.6 |Anaconda, Inc.| (default, Aug 26 2018, 21:41:56) 
[GCC 7.3.0] on linux
tensor([[[1.3944, 1.3876, 1.3879, 1.3894, 1.3855, 1.3776, 1.3680, 1.3573,
          1.3542, 1.3483, 1.3410, 1.3343, 1.3398, 1.3370, 1.3347, 1.3318,
          1.3283, 1.3278, 1.3277, 1.3196, 1.3114, 1.3050, 1.2946, 1.2802,
          1.2675, 1.2522, 1.2353, 1.2182, 1.2057, 1.1962, 1.1904, 1.1840,
          1.1740, 1.1650, 1.1548, 1.1482, 1.1392, 1.1297, 1.1237, 1.1210,
          1.1167, 1.1092, 1.1023, 1.0948, 1.0889, 1.0843, 1.0805, 1.0743,
          1.0711, 1.0684, 1.0667, 1.0657, 1.0609, 1.0569, 1.0511, 1.0433,
          1.0357, 1.0292, 1.0243, 1.0182, 1.0134, 1.0084, 1.0005, 0.9916,
          0.9831, 0.9781, 0.9722, 0.9678, 0.9633, 0.9613, 0.9634, 0.9655,
          0.9665, 0.9681, 0.9678, 0.9652, 0.9617, 0.9580, 0.9551, 0.9509,
          0.9433, 0.9345, 0.9293, 0.9282, 0.9269, 0.9239, 0.9246, 0.9242,
          0.9253, 0.9229, 0.9218, 0.9200, 0.9134, 0.9053, 0.8989, 0.8939,
          0.8863, 0.8798, 0.8733, 0.8703, 0.8705, 0.8695, 0.8645, 0.8638,
          0.8677, 0.8736, 0.8770, 0.8760, 0.8747, 0.8769, 0.8753, 0.8745,
          0.8736, 0.8750, 0.8727, 0.8649, 0.8605, 0.8575, 0.8479, 0.8356,
          0.8270, 0.8195, 0.8157, 0.8093, 0.8012, 0.7930, 0.7883, 0.7843,
          0.7771, 0.7718, 0.7671, 0.7602, 0.7556, 0.7530, 0.7487, 0.7453,
          0.7401, 0.7351, 0.7331, 0.7342, 0.7405, 0.7442, 0.7488, 0.7587,
          0.7670, 0.7750, 0.7784, 0.7815, 0.7862, 0.7922, 0.7981, 0.7995,
          0.8054, 0.8076, 0.8097, 0.8123, 0.8110, 0.8071, 0.8084, 0.8071,
          0.8085, 0.8077, 0.8044, 0.8019, 0.7967, 0.7919, 0.7885, 0.7839,
          0.7797, 0.7746, 0.7712, 0.7649, 0.7588, 0.7499, 0.7421, 0.7344,
          0.7218, 0.7037, 0.6874, 0.6814, 0.6781, 0.6734, 0.6659, 0.6574,
          0.6494, 0.6399, 0.6294, 0.6208, 0.6132, 0.6036, 0.5929, 0.5802,
          0.5658, 0.5516, 0.5364, 0.5215, 0.5074, 0.4936, 0.4799, 0.4701,
          0.4618, 0.4582, 0.4580, 0.4492, 0.4387, 0.4289, 0.4188, 0.4095,
          0.3986, 0.3878, 0.3761, 0.3661, 0.3546, 0.3463, 0.3386, 0.3292,
          0.3220, 0.3116, 0.3020, 0.2941, 0.2876, 0.2820, 0.2778, 0.2761,
          0.2605, 0.2565, 0.2521, 0.2478, 0.2433, 0.2382, 0.2331, 0.2278,
          0.2230, 0.2193, 0.2169, 0.2172, 0.2752]]], device='cuda:0',
       grad_fn=<ViewBackward>)
=============================== 本次训练信息 ==============================
实验模型名称: Baseline3_0
数据集KoNViD
模型名称Baseline3_0
==========================================================================
The model has been trained in Epoch:1357, GlobalIteration:59752
Model Path:/home/winston/workSpace/PycharmProjects/VQA/Ours/Models/VQA_Baseline3_0/model/model_1357_44.mdl

--------------------------- EPOCH:1358/4000 ---------------------------
Python 3.5.6 |Anaconda, Inc.| (default, Aug 26 2018, 21:41:56) 
[GCC 7.3.0] on linux
tensor(0, device='cuda:0', dtype=torch.int32)
1
=============================== 本次训练信息 ==============================
实验模型名称: Baseline3_0
数据集KoNViD
模型名称Baseline3_0
==========================================================================
The model has been trained in Epoch:1357, GlobalIteration:59752
Model Path:/home/winston/workSpace/PycharmProjects/VQA/Ours/Models/VQA_Baseline3_0/model/model_1357_44.mdl

--------------------------- EPOCH:1358/4000 ---------------------------
Python 3.5.6 |Anaconda, Inc.| (default, Aug 26 2018, 21:41:56) 
[GCC 7.3.0] on linux
8
tensor(0, device='cuda:0', dtype=torch.int32)
tensor(8.2912, device='cuda:0', grad_fn=<AddBackward0>)
tensor(16, device='cuda:0', dtype=torch.int32)
237
tensor(237, device='cuda:0', dtype=torch.int32)
tensor(16, device='cuda:0', dtype=torch.int32)
tensor([0.3671, 0.3610, 0.3656, 0.3636, 0.3649, 0.3679, 0.3675, 0.3674, 0.3660],
       device='cuda:0', grad_fn=<SliceBackward>)
tensor([0.3916, 0.4411, 0.4098, 0.4256, 0.4161, 0.3652, 0.3854, 0.3876],
       device='cuda:0', grad_fn=<SliceBackward>)
tensor(1.1236, device='cuda:0', grad_fn=<DivBackward0>)
tensor(0.9070, device='cuda:0', grad_fn=<DivBackward0>)
tensor(11.7688, device='cuda:0', grad_fn=<AddBackward0>)
tensor(0.3713, device='cuda:0', grad_fn=<SelectBackward>)
tensor(0.3713, device='cuda:0', grad_fn=<SelectBackward>)
