=============================== 本次训练信息 ==============================
实验模型名称: Baseline3_0
数据集KoNViD
模型名称Baseline3_0
==========================================================================
Brand new model

--------------------------- EPOCH:1/4000 ---------------------------
tensor([[ 0.6770,  0.9225,  0.8272,  0.6873,  0.5449, -0.9733, -0.9987, -0.2486,
         -0.8645,  0.4943, -0.3073, -0.5177, -0.4979, -0.4379,  0.9848,  0.9955,
         -0.4498,  0.2114, -0.7014, -0.0209, -0.6164,  0.8955,  0.8836,  0.1494,
          0.8633,  0.7105, -0.5380,  0.7422,  0.0969,  0.9370,  0.5370,  0.3950],
        [ 0.7424,  0.9099,  0.7103,  0.7953,  0.2166, -0.9714, -0.9979, -0.1925,
         -0.8134,  0.4081, -0.2933, -0.3628, -0.3661, -0.5405,  0.9769,  0.9934,
         -0.2590,  0.0433, -0.7349,  0.0594, -0.4003,  0.9329,  0.7931,  0.2266,
          0.8321,  0.6007, -0.4394,  0.7122, -0.1260,  0.9145,  0.5213,  0.0593],
        [ 0.7492,  0.8933,  0.7028,  0.8308,  0.3151, -0.9701, -0.9993, -0.5646,
         -0.8071,  0.4818, -0.4004, -0.4522, -0.5729, -0.5025,  0.9858,  0.9949,
         -0.4824,  0.1028, -0.7569, -0.1488, -0.5080,  0.9079,  0.9099,  0.0680,
          0.8291,  0.8092, -0.3985,  0.7499, -0.0196,  0.8952,  0.3506,  0.4750],
        [ 0.6816,  0.9354,  0.6605,  0.7573,  0.6173, -0.9714, -0.9994,  0.0993,
         -0.8663,  0.6759, -0.3826, -0.5319, -0.4223, -0.5743,  0.9934,  0.9978,
          0.0489,  0.4059, -0.7146, -0.1443, -0.7327,  0.9103,  0.7872, -0.1040,
          0.9372,  0.8854, -0.5138,  0.7701,  0.1051,  0.9370,  0.2506,  0.3890],
        [ 0.6999,  0.9223,  0.6266,  0.8142,  0.3568, -0.9750, -0.9994, -0.6445,
         -0.8340,  0.5530, -0.3013, -0.5669, -0.5322, -0.3872,  0.9848,  0.9951,
         -0.4563, -0.0350, -0.7911,  0.2195, -0.6341,  0.9231,  0.8955, -0.0760,
          0.8413,  0.8259, -0.2310,  0.7623, -0.1404,  0.8835,  0.7056,  0.3244],
        [ 0.7364,  0.9359,  0.8041,  0.8193,  0.4905, -0.9801, -0.9996, -0.5894,
         -0.9032,  0.7312, -0.3204, -0.5672, -0.3805, -0.5508,  0.9945,  0.9980,
         -0.2715,  0.4138, -0.7129, -0.1630, -0.5707,  0.8968,  0.7711, -0.0418,
          0.9471,  0.8364, -0.5841,  0.7936, -0.0094,  0.9207,  0.3611,  0.4138],
        [ 0.7798,  0.8567,  0.6147,  0.8361,  0.2174, -0.9723, -0.9988, -0.2570,
         -0.7997,  0.5294, -0.4660, -0.2236, -0.4874, -0.3936,  0.9755,  0.9958,
         -0.5023, -0.0791, -0.7536,  0.1188, -0.2044,  0.9336,  0.8061,  0.1294,
          0.8566,  0.5841, -0.5324,  0.7132, -0.0703,  0.9172,  0.6693,  0.0176],
        [ 0.7702,  0.9249,  0.7218,  0.7598,  0.4775, -0.9705, -0.9992, -0.1261,
         -0.7511,  0.5311, -0.3554, -0.4534, -0.6281, -0.3154,  0.9788,  0.9945,
         -0.3046,  0.3508, -0.7725, -0.1144, -0.5654,  0.8837,  0.8849,  0.2126,
          0.8832,  0.8211, -0.3352,  0.7483, -0.0795,  0.8939,  0.3796,  0.1840],
        [ 0.7204,  0.9089,  0.6452,  0.7919,  0.1534, -0.9729, -0.9993, -0.2424,
         -0.7335,  0.5223, -0.2958, -0.3378, -0.5083, -0.3367,  0.9796,  0.9943,
         -0.4410, -0.1840, -0.7054,  0.0213, -0.5102,  0.9026,  0.8123,  0.2264,
          0.8665,  0.6841, -0.4609,  0.7509, -0.1209,  0.9072,  0.6235,  0.1887],
        [ 0.7151,  0.9549,  0.5530,  0.7495,  0.3242, -0.9762, -0.9998, -0.5234,
         -0.8657,  0.6070, -0.4512, -0.6104, -0.8322, -0.5518,  0.9927,  0.9992,
         -0.3208,  0.4460, -0.6932, -0.1478, -0.7641,  0.9222,  0.8504, -0.1170,
          0.9388,  0.9239, -0.5827,  0.8743, -0.2951,  0.9097,  0.6080,  0.2911],
        [ 0.7455,  0.8896,  0.6993,  0.8441,  0.3800, -0.9639, -0.9983, -0.1076,
         -0.7924,  0.4848, -0.3547, -0.4145, -0.5717, -0.5792,  0.9832,  0.9898,
         -0.4163,  0.0521, -0.7915,  0.1899, -0.4250,  0.9354,  0.8893,  0.2109,
          0.8311,  0.7138, -0.3475,  0.6607, -0.2571,  0.9286,  0.5374,  0.2520],
        [ 0.7179,  0.9162,  0.8231,  0.6167,  0.6560, -0.9588, -0.9991, -0.3620,
         -0.8150,  0.5322, -0.0806, -0.4020, -0.4098, -0.3786,  0.9890,  0.9962,
         -0.4289,  0.4009, -0.7353, -0.0686, -0.5990,  0.9013,  0.8100,  0.3385,
          0.9318,  0.8183, -0.1290,  0.7378,  0.0625,  0.8747,  0.4358,  0.4552],
        [ 0.7240,  0.9380,  0.6988,  0.7726,  0.4203, -0.9733, -0.9992, -0.2924,
         -0.8766,  0.6292, -0.4188, -0.4104, -0.2746, -0.4875,  0.9899,  0.9968,
         -0.4832,  0.2281, -0.7435,  0.1691, -0.4737,  0.9068,  0.8237,  0.0583,
          0.8754,  0.7411, -0.5940,  0.7125, -0.0742,  0.9270,  0.5023,  0.0871],
        [ 0.7520,  0.9557,  0.7773,  0.6081,  0.6859, -0.9772, -0.9997, -0.3606,
         -0.8458,  0.7212, -0.3498, -0.5089, -0.6810, -0.5981,  0.9957,  0.9987,
         -0.0577,  0.6344, -0.6859, -0.3397, -0.7946,  0.8964,  0.7202, -0.1536,
          0.9464,  0.8860, -0.5221,  0.7274, -0.1439,  0.9080,  0.5760,  0.4851],
        [ 0.7096,  0.8924,  0.6454,  0.7990,  0.3025, -0.9689, -0.9992, -0.2578,
         -0.7420,  0.5424, -0.4707, -0.6039, -0.6186, -0.3732,  0.9899,  0.9938,
         -0.2558,  0.2506, -0.7223,  0.0945, -0.5899,  0.8967,  0.7905,  0.1374,
          0.8461,  0.7875, -0.3211,  0.7595,  0.0592,  0.8719,  0.4580,  0.2219],
        [ 0.6569,  0.9312,  0.5968,  0.7290,  0.4824, -0.9721, -0.9996, -0.5222,
         -0.8318,  0.5314, -0.4163, -0.2005, -0.5867, -0.4603,  0.9929,  0.9971,
         -0.1898,  0.3068, -0.7824,  0.1179, -0.5166,  0.9001,  0.8811,  0.0707,
          0.9247,  0.8674, -0.6276,  0.7274, -0.0935,  0.9219,  0.5695,  0.3981]],
       device='cuda:0', grad_fn=<StackBackward>)
=============================== 本次训练信息 ==============================
实验模型名称: Baseline3_0
数据集KoNViD
模型名称Baseline3_0
==========================================================================
=============================== 本次训练信息 ==============================
实验模型名称: Baseline3_0
数据集KoNViD
模型名称Baseline3_0
==========================================================================
Brand new model

--------------------------- EPOCH:1/4000 ---------------------------
=============================== 本次训练信息 ==============================
实验模型名称: Baseline3_0
数据集KoNViD
模型名称Baseline3_0
==========================================================================
Brand new model

--------------------------- EPOCH:1/4000 ---------------------------
[tensor([[ 0.3696, -0.1489,  0.9189, -0.7481,  0.4294, -0.9716,  0.1297,  0.8390,
          0.5016,  0.9973, -0.7795, -0.0503,  0.0401, -0.4870,  0.2358,  0.2126,
         -0.9842, -0.7825,  0.1185,  0.9037, -0.4112, -0.9257, -0.3532, -0.0397,
         -0.0277, -0.4615, -0.2750, -0.6651,  0.9223,  0.2830,  0.6509,  0.9867],
        [ 0.4289,  0.0101,  0.8918, -0.7590,  0.3783, -0.9763,  0.2488,  0.6897,
          0.6750,  0.9971, -0.8205,  0.1192,  0.1787, -0.4103,  0.2279,  0.2169,
         -0.9908, -0.6759,  0.4003,  0.9090, -0.4250, -0.9271, -0.2280,  0.0572,
         -0.3848, -0.3493, -0.4108, -0.6855,  0.8864,  0.3804,  0.7458,  0.9932],
        [ 0.4298,  0.0678,  0.8824, -0.6567,  0.2060, -0.9495,  0.1369,  0.6085,
          0.4462,  0.9898, -0.5964,  0.2073, -0.0425,  0.0091,  0.1414, -0.0332,
         -0.9757, -0.7439,  0.4099,  0.9556, -0.4964, -0.8232, -0.5743, -0.0239,
         -0.1602, -0.2880, -0.2450, -0.7268,  0.8678, -0.0035,  0.6531,  0.9810],
        [ 0.4175, -0.1493,  0.8828, -0.8539, -0.1567, -0.9770,  0.3504,  0.7970,
          0.7363,  0.9982, -0.8918, -0.0316, -0.1260, -0.6033,  0.2415,  0.3998,
         -0.9903, -0.5099, -0.1649,  0.8980, -0.6342, -0.9517, -0.5702,  0.3626,
         -0.1599, -0.1967, -0.3328, -0.3956,  0.9380,  0.0827,  0.7871,  0.9939],
        [ 0.3703,  0.0890,  0.9262, -0.8192,  0.0398, -0.9749,  0.1788,  0.8343,
          0.3770,  0.9966, -0.8270, -0.3415, -0.0268, -0.6510,  0.3704,  0.4039,
         -0.9926, -0.6910,  0.1992,  0.8344, -0.4747, -0.9343, -0.3404,  0.0485,
         -0.2734, -0.4560, -0.4665, -0.5426,  0.9531,  0.2025,  0.7063,  0.9869],
        [ 0.3963,  0.0975,  0.8633, -0.6854,  0.4234, -0.9452,  0.3454,  0.5904,
          0.5505,  0.9933, -0.6843,  0.1216, -0.1011, -0.3105,  0.3724,  0.0986,
         -0.9568, -0.6575,  0.3103,  0.9373, -0.3847, -0.8565, -0.5202, -0.0155,
         -0.0087, -0.4143, -0.0775, -0.7279,  0.8489,  0.3285,  0.6680,  0.9821],
        [ 0.3118, -0.0090,  0.8801, -0.7417,  0.2295, -0.9642,  0.2021,  0.6613,
          0.7256,  0.9934, -0.7013,  0.2414,  0.1303, -0.3354,  0.0810,  0.1146,
         -0.9788, -0.7978,  0.1350,  0.9246, -0.3481, -0.8410, -0.5717,  0.0365,
         -0.2098, -0.2743, -0.1985, -0.6046,  0.8485,  0.0480,  0.6816,  0.9881],
        [ 0.5086, -0.2326,  0.8781, -0.7788,  0.0857, -0.9550,  0.2283,  0.7912,
          0.7303,  0.9940, -0.7886,  0.0220,  0.0735, -0.6182,  0.2478,  0.2477,
         -0.9789, -0.7464, -0.2670,  0.8808, -0.3360, -0.8952, -0.1885,  0.0147,
         -0.1231, -0.5791, -0.3581, -0.6174,  0.8645,  0.1261,  0.7565,  0.9877],
        [ 0.3097,  0.0118,  0.9071, -0.8174, -0.0711, -0.9620,  0.2638,  0.7800,
          0.5691,  0.9967, -0.8560, -0.0844, -0.0813, -0.5908,  0.1350,  0.3962,
         -0.9865, -0.5790,  0.1660,  0.8775, -0.5178, -0.9146, -0.5868,  0.2215,
         -0.2615, -0.3185, -0.4717, -0.4773,  0.9504,  0.0809,  0.7341,  0.9886],
        [ 0.3307, -0.1622,  0.9185, -0.8059,  0.1020, -0.9814,  0.2283,  0.8233,
          0.7805,  0.9970, -0.8121,  0.0815, -0.1089, -0.3506,  0.3390,  0.2537,
         -0.9920, -0.6481,  0.1106,  0.9280, -0.3413, -0.8516, -0.5260,  0.2219,
         -0.1169, -0.3804, -0.0920, -0.4734,  0.8800,  0.2247,  0.7127,  0.9914],
        [ 0.3241, -0.0310,  0.8576, -0.8380, -0.0577, -0.9742,  0.1062,  0.7638,
          0.4076,  0.9956, -0.8133, -0.0477, -0.1243, -0.6451,  0.0838,  0.1999,
         -0.9796, -0.6839,  0.4960,  0.8758, -0.5059, -0.9300, -0.2991,  0.0695,
         -0.1500, -0.5212, -0.3920, -0.5198,  0.8925,  0.0487,  0.7230,  0.9907],
        [ 0.3813, -0.0777,  0.8862, -0.7878,  0.2719, -0.9829,  0.1593,  0.7180,
          0.6347,  0.9965, -0.8455, -0.1083,  0.0030, -0.5255,  0.4594,  0.3023,
         -0.9863, -0.7551,  0.3022,  0.9314, -0.6411, -0.9172, -0.5404, -0.1200,
         -0.1718, -0.3253, -0.2702, -0.7088,  0.9222,  0.1960,  0.6777,  0.9921],
        [ 0.3181, -0.0854,  0.9386, -0.8996,  0.3733, -0.9891,  0.2223,  0.8497,
          0.5022,  0.9981, -0.8512, -0.3966, -0.2410, -0.6646,  0.2086,  0.3090,
         -0.9921, -0.7948,  0.0362,  0.8964, -0.5986, -0.9574, -0.5479,  0.2480,
         -0.3558, -0.5708, -0.5404, -0.5813,  0.9390, -0.0549,  0.7601,  0.9946],
        [ 0.3727, -0.0525,  0.9069, -0.8166,  0.2544, -0.9702,  0.1788,  0.7296,
          0.4515,  0.9965, -0.8012, -0.1158, -0.1054, -0.5939,  0.2636,  0.3428,
         -0.9842, -0.7231,  0.1823,  0.8833, -0.1364, -0.9370, -0.3809, -0.0975,
         -0.2133, -0.5422, -0.4894, -0.6010,  0.8785,  0.1165,  0.7309,  0.9795],
        [ 0.4201, -0.3577,  0.8283, -0.7168,  0.4479, -0.9437,  0.1112,  0.7567,
          0.6505,  0.9946, -0.7706,  0.2827, -0.0329, -0.2653,  0.2570,  0.0502,
         -0.9701, -0.7146,  0.2715,  0.9281, -0.3195, -0.7210, -0.3309, -0.0307,
          0.0195, -0.4453, -0.1797, -0.8352,  0.8731,  0.0301,  0.6392,  0.9736],
        [ 0.5884, -0.0738,  0.8603, -0.7156,  0.4004, -0.9737,  0.2552,  0.5947,
          0.5913,  0.9926, -0.6936, -0.1551, -0.2035, -0.4391,  0.2652,  0.1508,
         -0.9824, -0.7384,  0.1311,  0.8670, -0.4318, -0.9221, -0.3769,  0.1475,
         -0.2422, -0.4547, -0.5060, -0.5273,  0.9048,  0.0205,  0.7049,  0.9779]],
       device='cuda:0', grad_fn=<StackBackward>), tensor([[-0.8115,  0.8505,  0.0477, -0.0715,  0.9659, -0.9840, -0.0172, -0.6999,
         -0.7702, -0.7752,  0.0119, -0.0454, -0.7391, -0.9694, -0.3811, -0.6900,
         -0.5047,  0.0536,  0.9410,  0.6662,  0.8737, -0.9101,  0.6213, -0.4974,
          0.9180,  0.2600, -0.6126, -0.3156, -0.9965, -0.0792, -0.4951,  0.9314],
        [-0.7510,  0.7905,  0.0415, -0.1401,  0.9667, -0.9748,  0.1665, -0.8481,
         -0.7558, -0.5785,  0.0192, -0.0084, -0.4519, -0.9585, -0.2281, -0.7591,
         -0.4056, -0.1786,  0.9122,  0.7378,  0.8441, -0.9369,  0.7201, -0.0751,
          0.9145,  0.1338, -0.5829, -0.3335, -0.9916, -0.1378, -0.5149,  0.8479],
        [-0.7911,  0.7181,  0.0791, -0.1517,  0.9388, -0.9748, -0.0557, -0.7508,
         -0.6903, -0.7588, -0.0991, -0.2066, -0.6216, -0.9530,  0.0047, -0.7444,
         -0.3325, -0.1677,  0.9342,  0.6368,  0.8584, -0.9144,  0.5526, -0.4462,
          0.8770, -0.0354, -0.6468, -0.4959, -0.9962, -0.0912, -0.2772,  0.9010],
        [-0.6896,  0.8266,  0.0632, -0.4011,  0.9731, -0.9859,  0.0947, -0.6626,
         -0.7644, -0.7331,  0.1112, -0.0620, -0.4481, -0.9747, -0.3781, -0.6962,
         -0.8354,  0.2407,  0.9568,  0.8307,  0.9025, -0.9330,  0.8165, -0.1358,
          0.9436,  0.2321, -0.8513, -0.2882, -0.9953,  0.1257, -0.5461,  0.8987],
        [-0.7319,  0.6668,  0.0535, -0.1419,  0.9514, -0.9782,  0.0454, -0.8637,
         -0.7792, -0.5231,  0.0689, -0.1279, -0.5516, -0.9538, -0.3819, -0.6642,
         -0.5105,  0.0694,  0.8821,  0.8164,  0.8416, -0.9033,  0.6571, -0.3040,
          0.8672,  0.2743, -0.5602, -0.3807, -0.9895, -0.2258, -0.2963,  0.8851],
        [-0.7585,  0.4434, -0.1030,  0.0935,  0.9642, -0.9798,  0.1232, -0.7671,
         -0.6721, -0.7746, -0.1429,  0.0696, -0.7503, -0.9568, -0.0141, -0.5220,
         -0.1524,  0.0620,  0.9267,  0.7019,  0.8763, -0.9666,  0.5303, -0.0958,
          0.9072, -0.3187, -0.5297, -0.7135, -0.9959, -0.3317, -0.4420,  0.8560],
        [-0.6073,  0.8589,  0.1169, -0.1331,  0.9712, -0.9812,  0.1191, -0.6577,
         -0.7142, -0.7098,  0.0432, -0.0547, -0.5208, -0.9664, -0.3275, -0.6398,
         -0.4202, -0.3153,  0.9231,  0.7246,  0.8105, -0.8971,  0.7259, -0.5044,
          0.9434,  0.0344, -0.6544, -0.4833, -0.9930,  0.2199, -0.3544,  0.9150],
        [-0.5921,  0.7920,  0.0927, -0.1119,  0.9662, -0.9838,  0.2232, -0.6816,
         -0.7825, -0.6416,  0.1118, -0.0866, -0.6390, -0.9699, -0.2041, -0.6026,
         -0.2578, -0.0729,  0.9507,  0.8467,  0.8835, -0.9278,  0.6962, -0.3465,
          0.8781,  0.1756, -0.5901, -0.2949, -0.9944, -0.2619, -0.5664,  0.9280],
        [-0.8017,  0.8708, -0.1019, -0.2437,  0.9817, -0.9878,  0.4075, -0.8433,
         -0.7506, -0.7948, -0.1373, -0.1702, -0.4748, -0.9751, -0.2932, -0.5085,
         -0.3940, -0.1364,  0.9341,  0.8281,  0.9095, -0.9312,  0.5520, -0.0836,
          0.9383,  0.4811, -0.7351, -0.3065, -0.9966,  0.0463, -0.7711,  0.8891],
        [-0.7411,  0.8142, -0.0175, -0.1309,  0.9713, -0.9869,  0.3008, -0.7879,
         -0.8150, -0.7115,  0.1810, -0.0998, -0.6003, -0.9816, -0.3199, -0.5454,
         -0.6115, -0.0112,  0.9477,  0.8456,  0.8932, -0.9196,  0.7509, -0.2150,
          0.9381,  0.4414, -0.8081, -0.2653, -0.9974, -0.1599, -0.6356,  0.9153],
        [-0.7198,  0.6616, -0.0533, -0.1191,  0.9545, -0.9813,  0.1346, -0.8177,
         -0.8172, -0.7020,  0.3068,  0.1425, -0.5909, -0.9645, -0.3882, -0.7434,
         -0.6304, -0.1623,  0.9124,  0.8147,  0.8306, -0.9012,  0.7226, -0.2072,
          0.8890,  0.2462, -0.6262, -0.3310, -0.9919, -0.3038, -0.4045,  0.9064],
        [-0.6256,  0.8156,  0.0557, -0.1175,  0.9769, -0.9826,  0.3838, -0.8540,
         -0.8885, -0.6677, -0.0148, -0.0541, -0.5847, -0.9660, -0.4965, -0.7433,
         -0.3613, -0.1364,  0.9507,  0.7992,  0.8891, -0.9500,  0.7934, -0.4881,
          0.9207,  0.1703, -0.5409, -0.3504, -0.9938, -0.0349, -0.6469,  0.8998],
        [-0.8611,  0.9211,  0.0919, -0.0630,  0.9816, -0.9898,  0.1125, -0.7481,
         -0.8314, -0.8534,  0.0786, -0.5029, -0.6733, -0.9858, -0.3148, -0.4401,
         -0.3685,  0.1644,  0.9476,  0.8054,  0.9322, -0.8978,  0.7689, -0.2899,
          0.9527,  0.3708, -0.8847, -0.3169, -0.9959, -0.3345, -0.6297,  0.9212],
        [-0.7826,  0.8273,  0.2206, -0.1905,  0.9746, -0.9871,  0.4434, -0.7855,
         -0.7808, -0.7584, -0.1858, -0.3133, -0.4444, -0.9747, -0.2505, -0.5076,
         -0.3927,  0.0296,  0.9656,  0.7978,  0.8863, -0.9340,  0.6895, -0.2876,
          0.9460,  0.0437, -0.8313, -0.4482, -0.9953, -0.2466, -0.4782,  0.9208],
        [-0.7513,  0.5565, -0.0305, -0.0565,  0.9466, -0.9639,  0.2263, -0.8763,
         -0.7215, -0.7177, -0.0525, -0.0325, -0.6871, -0.9574, -0.1786, -0.6117,
         -0.2569,  0.0466,  0.9482,  0.7562,  0.8794, -0.9500,  0.6114, -0.3926,
          0.9300, -0.0721, -0.5290, -0.6049, -0.9941, -0.3441, -0.6425,  0.8623],
        [-0.7496,  0.8038,  0.1149, -0.1467,  0.9675, -0.9712,  0.1686, -0.7583,
         -0.7824, -0.8309, -0.0964, -0.1213, -0.5532, -0.9677, -0.3198, -0.6354,
         -0.4464, -0.0644,  0.9539,  0.7423,  0.8996, -0.8906,  0.7121, -0.3593,
          0.9538, -0.0140, -0.5669, -0.2323, -0.9948, -0.2896, -0.8003,  0.9433]],
       device='cuda:0', grad_fn=<StackBackward>)]
2
=============================== 本次训练信息 ==============================
实验模型名称: Baseline3_0
数据集KoNViD
模型名称Baseline3_0
==========================================================================
Brand new model

--------------------------- EPOCH:1/4000 ---------------------------
torch.Size([16, 32])
=============================== 本次训练信息 ==============================
实验模型名称: Baseline3_0
数据集KoNViD
模型名称Baseline3_0
==========================================================================
Brand new model

--------------------------- EPOCH:1/4000 ---------------------------
Python 3.5.6 |Anaconda, Inc.| (default, Aug 26 2018, 21:41:56) 
[GCC 7.3.0] on linux
tensor([[-0.6403, -1.6270],
        [-0.1585,  0.3050],
        [-0.2839, -0.4414],
        [ 0.3675,  0.6784],
        [ 0.4612,  0.6541],
        [ 0.8730,  0.1055],
        [-1.4520, -0.8445],
        [ 0.2417, -0.3831],
        [-0.0977, -0.9344],
        [ 0.8678, -0.2121],
        [ 0.5818, -0.3448],
        [ 0.6134, -0.3489],
        [ 0.4823, -0.3816],
        [-0.3267, -0.6967],
        [-0.0252,  0.4353],
        [ 0.1286, -0.1686]], device='cuda:0', grad_fn=<AddmmBackward>)
torch.Size([16, 2])
torch.Size([16, 237, 1])
